2019-07-30 16:14:36 - MOD: Modification Default

FILE: system/engine/action.php
REGEX: ~(require|include)(_once)?\(([^)]+)~
LINE: 41

FILE: system/engine/loader.php
REGEX: ~(require|include)(_once)?\(([^)]+)~
LINE: 49
LINE: 108
LINE: 120
LINE: 165

FILE: system/library/config.php
REGEX: ~(require|include)(_once)?\(([^)]+)~
LINE: 23

FILE: system/library/language.php
REGEX: ~(require|include)(_once)?\(([^)]+)~
LINE: 38
LINE: 40
LINE: 49
LINE: 51
LINE: 60
LINE: 62

FILE: system/library/template/php.php
REGEX: ~(require|include)(_once)?\(([^)]+)~
LINE: 18

FILE: system/library/template/tiwg.php
REGEX: ~(require|include)(_once)?\(([^)]+)~
LINE: 24
----------------------------------------------------------------
MOD: Product Import Export(Module Market)

FILE: admin/language/en-gb/common/column_left.php
CODE: // Text
LINE: 6

FILE: admin/language/es-es/common/column_left.php
CODE: // Text
LINE: 6

FILE: admin/controller/common/column_left.php
CODE: // System
LINE: 431

FILE: admin/language/english/common/menu.php
CODE: // Text
LINE: 5

FILE: admin/language/es-es/common/menu.php
CODE: // Text
LINE: 5

FILE: admin/language/spanish/common/menu.php
CODE: // Text
LINE: 5
----------------------------------------------------------------
2019-07-30 17:34:51 - MOD: Modification Default

FILE: system/engine/action.php
REGEX: ~(require|include)(_once)?\(([^)]+)~
LINE: 41

FILE: system/engine/loader.php
REGEX: ~(require|include)(_once)?\(([^)]+)~
LINE: 49
LINE: 108
LINE: 120
LINE: 165

FILE: system/library/config.php
REGEX: ~(require|include)(_once)?\(([^)]+)~
LINE: 23

FILE: system/library/language.php
REGEX: ~(require|include)(_once)?\(([^)]+)~
LINE: 38
LINE: 40
LINE: 49
LINE: 51
LINE: 60
LINE: 62

FILE: system/library/template/php.php
REGEX: ~(require|include)(_once)?\(([^)]+)~
LINE: 18

FILE: system/library/template/tiwg.php
REGEX: ~(require|include)(_once)?\(([^)]+)~
LINE: 24
----------------------------------------------------------------
MOD: Product Import Export Suite (FREE)

FILE: admin/language/en-gb/common/column_left.php
CODE: // Text
LINE: 7

FILE: admin/language/es-es/common/column_left.php
CODE: // Text
LINE: 7

FILE: admin/language/english/common/menu.php
CODE: // Text
LINE: 7

FILE: admin/language/es-es/common/menu.php
CODE: // Text
LINE: 7

FILE: admin/language/spanish/common/menu.php
CODE: // Text
LINE: 7

FILE: admin/controller/common/column_left.php
CODE: if ($this->user->hasPermission('access', 'tool/backup')) {
LINE: 637
----------------------------------------------------------------
MOD: Product Import Export(Module Market)
CODE: // Text
LINE: 6
CODE: // Text
LINE: 6
CODE: // System
LINE: 431
CODE: // Text
LINE: 5
CODE: // Text
LINE: 5
CODE: // Text
LINE: 5
----------------------------------------------------------------
2019-08-01 10:39:19 - MOD: Modification Default

FILE: system/engine/action.php
REGEX: ~(require|include)(_once)?\(([^)]+)~
LINE: 41

FILE: system/engine/loader.php
REGEX: ~(require|include)(_once)?\(([^)]+)~
LINE: 49
LINE: 108
LINE: 120
LINE: 165

FILE: system/library/config.php
REGEX: ~(require|include)(_once)?\(([^)]+)~
LINE: 23

FILE: system/library/language.php
REGEX: ~(require|include)(_once)?\(([^)]+)~
LINE: 38
LINE: 40
LINE: 49
LINE: 51
LINE: 60
LINE: 62

FILE: system/library/template/php.php
REGEX: ~(require|include)(_once)?\(([^)]+)~
LINE: 18

FILE: system/library/template/tiwg.php
REGEX: ~(require|include)(_once)?\(([^)]+)~
LINE: 24
----------------------------------------------------------------
MOD: Product Import Export Suite (FREE)

FILE: admin/language/en-gb/common/column_left.php
CODE: // Text
LINE: 7

FILE: admin/language/es-es/common/column_left.php
CODE: // Text
LINE: 7

FILE: admin/language/english/common/menu.php
CODE: // Text
LINE: 7

FILE: admin/language/es-es/common/menu.php
CODE: // Text
LINE: 7

FILE: admin/language/spanish/common/menu.php
CODE: // Text
LINE: 7

FILE: admin/controller/common/column_left.php
CODE: if ($this->user->hasPermission('access', 'tool/backup')) {
LINE: 637
----------------------------------------------------------------
MOD: Product Import Export(Module Market)
CODE: // Text
LINE: 6
CODE: // Text
LINE: 6
CODE: // System
LINE: 431
CODE: // Text
LINE: 5
CODE: // Text
LINE: 5
CODE: // Text
LINE: 5
----------------------------------------------------------------
2019-08-16 12:50:35 - MOD: Modification Default

FILE: system/engine/action.php
REGEX: ~(require|include)(_once)?\(([^)]+)~
LINE: 41

FILE: system/engine/loader.php
REGEX: ~(require|include)(_once)?\(([^)]+)~
LINE: 49
LINE: 108
LINE: 120
LINE: 165

FILE: system/library/config.php
REGEX: ~(require|include)(_once)?\(([^)]+)~
LINE: 23

FILE: system/library/language.php
REGEX: ~(require|include)(_once)?\(([^)]+)~
LINE: 38
LINE: 40
LINE: 49
LINE: 51
LINE: 60
LINE: 62

FILE: system/library/template/php.php
REGEX: ~(require|include)(_once)?\(([^)]+)~
LINE: 18

FILE: system/library/template/tiwg.php
REGEX: ~(require|include)(_once)?\(([^)]+)~
LINE: 24
----------------------------------------------------------------
MOD: Product Import Export Suite (FREE)

FILE: admin/language/en-gb/common/column_left.php
CODE: // Text
LINE: 7

FILE: admin/language/es-es/common/column_left.php
CODE: // Text
LINE: 7

FILE: admin/language/english/common/menu.php
CODE: // Text
LINE: 7

FILE: admin/language/es-es/common/menu.php
CODE: // Text
LINE: 7

FILE: admin/language/spanish/common/menu.php
CODE: // Text
LINE: 7

FILE: admin/controller/common/column_left.php
CODE: if ($this->user->hasPermission('access', 'tool/backup')) {
LINE: 637
----------------------------------------------------------------
MOD: Product Import Export(Module Market)
CODE: // Text
LINE: 6
CODE: // Text
LINE: 6
CODE: // System
LINE: 431
CODE: // Text
LINE: 5
CODE: // Text
LINE: 5
CODE: // Text
LINE: 5
----------------------------------------------------------------
2019-08-22 14:55:01 - MOD: Modification Default

FILE: system/engine/action.php
REGEX: ~(require|include)(_once)?\(([^)]+)~
LINE: 41

FILE: system/engine/loader.php
REGEX: ~(require|include)(_once)?\(([^)]+)~
LINE: 49
LINE: 108
LINE: 120
LINE: 165

FILE: system/library/config.php
REGEX: ~(require|include)(_once)?\(([^)]+)~
LINE: 23

FILE: system/library/language.php
REGEX: ~(require|include)(_once)?\(([^)]+)~
LINE: 38
LINE: 40
LINE: 49
LINE: 51
LINE: 60
LINE: 62

FILE: system/library/template/php.php
REGEX: ~(require|include)(_once)?\(([^)]+)~
LINE: 18

FILE: system/library/template/tiwg.php
REGEX: ~(require|include)(_once)?\(([^)]+)~
LINE: 24
----------------------------------------------------------------
MOD: Product Import Export Suite (FREE)

FILE: admin/language/en-gb/common/column_left.php
CODE: // Text
LINE: 7

FILE: admin/language/es-es/common/column_left.php
CODE: // Text
LINE: 7

FILE: admin/language/english/common/menu.php
CODE: // Text
LINE: 7

FILE: admin/language/es-es/common/menu.php
CODE: // Text
LINE: 7

FILE: admin/language/spanish/common/menu.php
CODE: // Text
LINE: 7

FILE: admin/controller/common/column_left.php
CODE: if ($this->user->hasPermission('access', 'tool/backup')) {
LINE: 637
----------------------------------------------------------------
MOD: Product Import Export(Module Market)
CODE: // Text
LINE: 6
CODE: // Text
LINE: 6
CODE: // System
LINE: 431
CODE: // Text
LINE: 5
CODE: // Text
LINE: 5
CODE: // Text
LINE: 5
----------------------------------------------------------------
2019-08-22 14:55:48 - MOD: Modification Default

FILE: system/engine/action.php
REGEX: ~(require|include)(_once)?\(([^)]+)~
LINE: 41

FILE: system/engine/loader.php
REGEX: ~(require|include)(_once)?\(([^)]+)~
LINE: 49
LINE: 108
LINE: 120
LINE: 165

FILE: system/library/config.php
REGEX: ~(require|include)(_once)?\(([^)]+)~
LINE: 23

FILE: system/library/language.php
REGEX: ~(require|include)(_once)?\(([^)]+)~
LINE: 38
LINE: 40
LINE: 49
LINE: 51
LINE: 60
LINE: 62

FILE: system/library/template/php.php
REGEX: ~(require|include)(_once)?\(([^)]+)~
LINE: 18

FILE: system/library/template/tiwg.php
REGEX: ~(require|include)(_once)?\(([^)]+)~
LINE: 24
----------------------------------------------------------------
MOD: Product Import Export Suite (FREE)

FILE: admin/language/en-gb/common/column_left.php
CODE: // Text
LINE: 7

FILE: admin/language/es-es/common/column_left.php
CODE: // Text
LINE: 7

FILE: admin/language/english/common/menu.php
CODE: // Text
LINE: 7

FILE: admin/language/es-es/common/menu.php
CODE: // Text
LINE: 7

FILE: admin/language/spanish/common/menu.php
CODE: // Text
LINE: 7

FILE: admin/controller/common/column_left.php
CODE: if ($this->user->hasPermission('access', 'tool/backup')) {
LINE: 637
----------------------------------------------------------------
MOD: Product Import Export(Module Market)
CODE: // Text
LINE: 6
CODE: // Text
LINE: 6
CODE: // System
LINE: 431
CODE: // Text
LINE: 5
CODE: // Text
LINE: 5
CODE: // Text
LINE: 5
----------------------------------------------------------------
2019-08-22 17:24:17 - MOD: Modification Default

FILE: system/engine/action.php
REGEX: ~(require|include)(_once)?\(([^)]+)~
LINE: 41

FILE: system/engine/loader.php
REGEX: ~(require|include)(_once)?\(([^)]+)~
LINE: 49
LINE: 108
LINE: 120
LINE: 165

FILE: system/library/config.php
REGEX: ~(require|include)(_once)?\(([^)]+)~
LINE: 23

FILE: system/library/language.php
REGEX: ~(require|include)(_once)?\(([^)]+)~
LINE: 38
LINE: 40
LINE: 49
LINE: 51
LINE: 60
LINE: 62

FILE: system/library/template/php.php
REGEX: ~(require|include)(_once)?\(([^)]+)~
LINE: 18

FILE: system/library/template/tiwg.php
REGEX: ~(require|include)(_once)?\(([^)]+)~
LINE: 24
----------------------------------------------------------------
MOD: Option combination stock management module (Opencart 2.3.0.2)

FILE: admin/controller/common/column_left.php
CODE: hasPermission('access', 'catalog/recurring')
LINE: 71

FILE: admin/model/catalog/product.php
CODE: 'required'             => $product_option['required']
LINE: 518
CODE: $this->db->query("INSERT INTO " . DB_PREFIX . "product_option SET product_id = '" . (int)$product_id . "', option_id = '" . (int)$product_option['option_id'] . "', required = '" . (int)$product_option['required'] . "'");
LINE: 40
CODE: $this->db->query("INSERT INTO " . DB_PREFIX . "product_option SET product_option_id = '" . (int)$product_option['product_option_id'] . "', product_id = '" . (int)$product_id . "', option_id = '" . (int)$product_option['option_id'] . "', required = '" . (int)$product_option['required'] . "'");
LINE: 171
CODE: $product_id = $this->db->getLastId();
LINE: 6
CODE: $this->db->query("UPDATE " . DB_PREFIX . "product SET model
LINE: 131
CODE: $product_option_query = $this->db->query("SELECT * FROM `" . DB_PREFIX . "product_option` po LEFT JOIN `" . DB_PREFIX . "option` o ON (po.option_id = o.option_id) LEFT JOIN `" . DB_PREFIX . "option_description` od ON (o.option_id = od.option_id) WHERE po.product_id = '" . (int)$product_id . "' AND od.language_id = '" . (int)$this->config->get('config_language_id') . "'");
LINE: 490

FILE: admin/controller/catalog/product.php
CODE: $this->load->model('catalog/product');
LINE: 12
LINE: 25
LINE: 80
LINE: 135
LINE: 192
LINE: 1268
CODE: $data['entry_required'] = $this->language->get('entry_required');
LINE: 617
CODE: 'required'             => $product_option['required']
LINE: 1054
LINE: 1338
CODE: $this->load->model('localisation/stock_status');
LINE: 884
CODE: function validateForm() {
LINE: 1261
CODE: if ($this->error && !isset($this->error['warning'])) {
LINE: 1308
CODE: public function add() {
LINE: 36
CODE: public function delete() {
LINE: 147
CODE: $this->model_catalog_product->deleteProduct($product_id);
LINE: 160
CODE: $this->model_catalog_product->addProduct($this->request->post);
LINE: 72
CODE: $this->model_catalog_product->editProduct($this->request->get['product_id'], $this->request->post);
LINE: 135
CODE: $this->model_catalog_product->editProduct($this->request->get['product_id'], $this->request->post);
LINE: 156
CODE: if (isset($this->session->data['success'])) {
LINE: 523
CODE: foreach ($product_option['product_option_value'] as $product_option_value) {
LINE: 1122
CODE: $this->load->model('design/layout');
LINE: 1294

FILE: admin/view/template/catalog/product_list.tpl
CODE: <?php if ($success) { ?>
LINE: 22

FILE: admin/view/template/catalog/product_form.tpl
CODE: <label class="col-sm-2 control-label" for="input-stock-status"><span data-toggle="tooltip" title="<?php echo $help_stock_status; ?>"><?php echo $entry_stock_status; ?></span></label>
LINE: 182
CODE: <input type="hidden" name="product_option[<?php echo $option_row; ?>][type]" value="<?php echo $product_option['type']; ?>" />
LINE: 433
CODE: html += '	<div class="form-group">';
LINE: 1038

FILE: admin/controller/catalog/option.php
CODE: $this->model_catalog_option->editOption
LINE: 67

FILE: catalog/model/catalog/product.php
CODE: 'required'             => $product_option['required']
LINE: 369
CODE: 'name'             => $query->row['name'],
LINE: 13

FILE: catalog/controller/checkout/cart.php
CODE: if (!$json) {
LINE: 377
CODE: if ($this->cart->hasProducts() || !empty($this->session->data['vouchers'])) {
LINE: 27
CODE: if (!$json) {
LINE: 386
CODE: $data['products'][] = array(
LINE: 159

FILE: catalog/controller/product/product.php
CODE: if (!$option_value['subtract'] || ($option_value['quantity'] > 0)) {
LINE: 341
CODE: $this->document->setDescription
LINE: 227
CODE: foreach ($this->model_catalog_product->getProductOptions($this->request->get['product_id']) as $option) {
LINE: 377
CODE: foreach ($option['product_option_value'] as $option_value) {
LINE: 385
CODE: 'required'             => $option['required']
LINE: 415
CODE: if ($product_info['minimum']) {
LINE: 424
CODE: public function review() {
LINE: 646
CODE: if ($product_info['quantity'] <= 0) {
LINE: 288

FILE: catalog/view/theme/default/template/product/product.tpl
CODE: if (json['error']['option']) {
LINE: 444
CODE: $('#cart > button').html
LINE: 474
CODE: $footer
LINE: 649

FILE: catalog/view/theme/logancee/template/product/product.tpl
CODE: if (json['error']['option']) {
LINE: 822
CODE: $('#cart-total').html(json['total']);
NOT FOUND - OPERATIONS ABORTED!

FILE: system/library/cart/cart.php
CODE: public function __construct($registry) {
LINE: 6
CODE: public function getProducts() {
LINE: 60
CODE: public function getProducts() {
LINE: 110
CODE: $product_query = $this->db->query
LINE: 122
CODE: $option_query = $this->db->query("SELECT po.product_option_id
LINE: 132
CODE: $option_data = array();
LINE: 130
CODE: if ($option_query->row['type'] == 'select' || $option_query->row['type'] == 'radio'
LINE: 141
CODE: $price = $product_query->row['price'];
LINE: 266
CODE: 'stock'           => $stock,
LINE: 351

FILE: catalog/view/theme/default/template/checkout/cart.tpl
CODE: <?php if (!$product['stock']) { ?>
LINE: 56

FILE: catalog/view/theme/logancee/template/checkout/cart.tpl
CODE: <?php if (!$product['stock']) { ?>
LINE: 31

FILE: catalog/model/checkout/order.php
CODE: $this->cache->delete('product');
LINE: 371
----------------------------------------------------------------
MOD: Product Import Export Suite (FREE)

FILE: admin/language/en-gb/common/column_left.php
CODE: // Text
LINE: 7

FILE: admin/language/es-es/common/column_left.php
CODE: // Text
LINE: 7

FILE: admin/language/english/common/menu.php
CODE: // Text
LINE: 7

FILE: admin/language/es-es/common/menu.php
CODE: // Text
LINE: 7

FILE: admin/language/spanish/common/menu.php
CODE: // Text
LINE: 7
CODE: if ($this->user->hasPermission('access', 'tool/backup')) {
LINE: 647
----------------------------------------------------------------
MOD: Product Import Export(Module Market)
CODE: // Text
LINE: 6
CODE: // Text
LINE: 6
CODE: // System
LINE: 441
CODE: // Text
LINE: 5
CODE: // Text
LINE: 5
CODE: // Text
LINE: 5
----------------------------------------------------------------
2019-08-26 0:17:30 - MOD: Modification Default

FILE: system/engine/action.php
REGEX: ~(require|include)(_once)?\(([^)]+)~
LINE: 41

FILE: system/engine/loader.php
REGEX: ~(require|include)(_once)?\(([^)]+)~
LINE: 49
LINE: 108
LINE: 120
LINE: 165

FILE: system/library/config.php
REGEX: ~(require|include)(_once)?\(([^)]+)~
LINE: 23

FILE: system/library/language.php
REGEX: ~(require|include)(_once)?\(([^)]+)~
LINE: 38
LINE: 40
LINE: 49
LINE: 51
LINE: 60
LINE: 62

FILE: system/library/template/php.php
REGEX: ~(require|include)(_once)?\(([^)]+)~
LINE: 18

FILE: system/library/template/tiwg.php
REGEX: ~(require|include)(_once)?\(([^)]+)~
LINE: 24
----------------------------------------------------------------
MOD: Einfachub OpenCart Language Translator

FILE: catalog/controller/common/header.php
CODE: $this->load->model('extension/extension');
LINE: 9

FILE: catalog/view/theme/default/template/common/header.tpl
CODE: </head>
LINE: 41
CODE: <?php echo $language; ?>
LINE: 53

FILE: catalog/view/theme/logancee/template/common/header.tpl
CODE: </head>
LINE: 276
CODE: <?php echo $language; ?>
NOT FOUND - OPERATION SKIPPED!

FILE: catalog/controller/common/footer.php
CODE: $this->load->language('common/footer');
LINE: 7

FILE: catalog/view/theme/default/template/common/footer.tpl
CODE: </body></html>
LINE: 63

FILE: catalog/view/theme/logancee/template/common/footer.tpl
CODE: </body></html>
NOT FOUND - OPERATION SKIPPED!
----------------------------------------------------------------
MOD: Option combination stock management module (Opencart 2.3.0.2)

FILE: admin/controller/common/column_left.php
CODE: hasPermission('access', 'catalog/recurring')
LINE: 71

FILE: admin/model/catalog/product.php
CODE: 'required'             => $product_option['required']
LINE: 518
CODE: $this->db->query("INSERT INTO " . DB_PREFIX . "product_option SET product_id = '" . (int)$product_id . "', option_id = '" . (int)$product_option['option_id'] . "', required = '" . (int)$product_option['required'] . "'");
LINE: 40
CODE: $this->db->query("INSERT INTO " . DB_PREFIX . "product_option SET product_option_id = '" . (int)$product_option['product_option_id'] . "', product_id = '" . (int)$product_id . "', option_id = '" . (int)$product_option['option_id'] . "', required = '" . (int)$product_option['required'] . "'");
LINE: 171
CODE: $product_id = $this->db->getLastId();
LINE: 6
CODE: $this->db->query("UPDATE " . DB_PREFIX . "product SET model
LINE: 131
CODE: $product_option_query = $this->db->query("SELECT * FROM `" . DB_PREFIX . "product_option` po LEFT JOIN `" . DB_PREFIX . "option` o ON (po.option_id = o.option_id) LEFT JOIN `" . DB_PREFIX . "option_description` od ON (o.option_id = od.option_id) WHERE po.product_id = '" . (int)$product_id . "' AND od.language_id = '" . (int)$this->config->get('config_language_id') . "'");
LINE: 490

FILE: admin/controller/catalog/product.php
CODE: $this->load->model('catalog/product');
LINE: 12
LINE: 25
LINE: 80
LINE: 135
LINE: 192
LINE: 1268
CODE: $data['entry_required'] = $this->language->get('entry_required');
LINE: 617
CODE: 'required'             => $product_option['required']
LINE: 1054
LINE: 1338
CODE: $this->load->model('localisation/stock_status');
LINE: 884
CODE: function validateForm() {
LINE: 1261
CODE: if ($this->error && !isset($this->error['warning'])) {
LINE: 1308
CODE: public function add() {
LINE: 36
CODE: public function delete() {
LINE: 147
CODE: $this->model_catalog_product->deleteProduct($product_id);
LINE: 160
CODE: $this->model_catalog_product->addProduct($this->request->post);
LINE: 72
CODE: $this->model_catalog_product->editProduct($this->request->get['product_id'], $this->request->post);
LINE: 135
CODE: $this->model_catalog_product->editProduct($this->request->get['product_id'], $this->request->post);
LINE: 156
CODE: if (isset($this->session->data['success'])) {
LINE: 523
CODE: foreach ($product_option['product_option_value'] as $product_option_value) {
LINE: 1122
CODE: $this->load->model('design/layout');
LINE: 1294

FILE: admin/view/template/catalog/product_list.tpl
CODE: <?php if ($success) { ?>
LINE: 22

FILE: admin/view/template/catalog/product_form.tpl
CODE: <label class="col-sm-2 control-label" for="input-stock-status"><span data-toggle="tooltip" title="<?php echo $help_stock_status; ?>"><?php echo $entry_stock_status; ?></span></label>
LINE: 182
CODE: <input type="hidden" name="product_option[<?php echo $option_row; ?>][type]" value="<?php echo $product_option['type']; ?>" />
LINE: 433
CODE: html += '	<div class="form-group">';
LINE: 1038

FILE: admin/controller/catalog/option.php
CODE: $this->model_catalog_option->editOption
LINE: 67

FILE: catalog/model/catalog/product.php
CODE: 'required'             => $product_option['required']
LINE: 369
CODE: 'name'             => $query->row['name'],
LINE: 13

FILE: catalog/controller/checkout/cart.php
CODE: if (!$json) {
LINE: 377
CODE: if ($this->cart->hasProducts() || !empty($this->session->data['vouchers'])) {
LINE: 27
CODE: if (!$json) {
LINE: 386
CODE: $data['products'][] = array(
LINE: 159

FILE: catalog/controller/product/product.php
CODE: if (!$option_value['subtract'] || ($option_value['quantity'] > 0)) {
LINE: 341
CODE: $this->document->setDescription
LINE: 227
CODE: foreach ($this->model_catalog_product->getProductOptions($this->request->get['product_id']) as $option) {
LINE: 377
CODE: foreach ($option['product_option_value'] as $option_value) {
LINE: 385
CODE: 'required'             => $option['required']
LINE: 415
CODE: if ($product_info['minimum']) {
LINE: 424
CODE: public function review() {
LINE: 646
CODE: if ($product_info['quantity'] <= 0) {
LINE: 288

FILE: catalog/view/theme/default/template/product/product.tpl
CODE: if (json['error']['option']) {
LINE: 444
CODE: $('#cart > button').html
LINE: 474
CODE: $footer
LINE: 649

FILE: catalog/view/theme/logancee/template/product/product.tpl
CODE: if (json['error']['option']) {
LINE: 822
CODE: $('#cart-total').html(json['total']);
NOT FOUND - OPERATIONS ABORTED!

FILE: system/library/cart/cart.php
CODE: public function __construct($registry) {
LINE: 6
CODE: public function getProducts() {
LINE: 60
CODE: public function getProducts() {
LINE: 110
CODE: $product_query = $this->db->query
LINE: 122
CODE: $option_query = $this->db->query("SELECT po.product_option_id
LINE: 132
CODE: $option_data = array();
LINE: 130
CODE: if ($option_query->row['type'] == 'select' || $option_query->row['type'] == 'radio'
LINE: 141
CODE: $price = $product_query->row['price'];
LINE: 266
CODE: 'stock'           => $stock,
LINE: 351

FILE: catalog/view/theme/default/template/checkout/cart.tpl
CODE: <?php if (!$product['stock']) { ?>
LINE: 56

FILE: catalog/view/theme/logancee/template/checkout/cart.tpl
CODE: <?php if (!$product['stock']) { ?>
LINE: 31

FILE: catalog/model/checkout/order.php
CODE: $this->cache->delete('product');
LINE: 371
----------------------------------------------------------------
MOD: Product Import Export Suite (FREE)

FILE: admin/language/en-gb/common/column_left.php
CODE: // Text
LINE: 7

FILE: admin/language/es-es/common/column_left.php
CODE: // Text
LINE: 7

FILE: admin/language/english/common/menu.php
CODE: // Text
LINE: 7

FILE: admin/language/es-es/common/menu.php
CODE: // Text
LINE: 7

FILE: admin/language/spanish/common/menu.php
CODE: // Text
LINE: 7
CODE: if ($this->user->hasPermission('access', 'tool/backup')) {
LINE: 647
----------------------------------------------------------------
MOD: Product Import Export(Module Market)
CODE: // Text
LINE: 6
CODE: // Text
LINE: 6
CODE: // System
LINE: 441
CODE: // Text
LINE: 5
CODE: // Text
LINE: 5
CODE: // Text
LINE: 5
----------------------------------------------------------------
2019-08-26 16:03:57 - MOD: Modification Default

FILE: system/engine/action.php
REGEX: ~(require|include)(_once)?\(([^)]+)~
LINE: 41

FILE: system/engine/loader.php
REGEX: ~(require|include)(_once)?\(([^)]+)~
LINE: 49
LINE: 108
LINE: 120
LINE: 165

FILE: system/library/config.php
REGEX: ~(require|include)(_once)?\(([^)]+)~
LINE: 23

FILE: system/library/language.php
REGEX: ~(require|include)(_once)?\(([^)]+)~
LINE: 38
LINE: 40
LINE: 49
LINE: 51
LINE: 60
LINE: 62

FILE: system/library/template/php.php
REGEX: ~(require|include)(_once)?\(([^)]+)~
LINE: 18

FILE: system/library/template/tiwg.php
REGEX: ~(require|include)(_once)?\(([^)]+)~
LINE: 24
----------------------------------------------------------------
MOD: Option combination stock management module (Opencart 2.3.0.2)

FILE: admin/controller/common/column_left.php
CODE: hasPermission('access', 'catalog/recurring')
LINE: 71

FILE: admin/model/catalog/product.php
CODE: 'required'             => $product_option['required']
LINE: 518
CODE: $this->db->query("INSERT INTO " . DB_PREFIX . "product_option SET product_id = '" . (int)$product_id . "', option_id = '" . (int)$product_option['option_id'] . "', required = '" . (int)$product_option['required'] . "'");
LINE: 40
CODE: $this->db->query("INSERT INTO " . DB_PREFIX . "product_option SET product_option_id = '" . (int)$product_option['product_option_id'] . "', product_id = '" . (int)$product_id . "', option_id = '" . (int)$product_option['option_id'] . "', required = '" . (int)$product_option['required'] . "'");
LINE: 171
CODE: $product_id = $this->db->getLastId();
LINE: 6
CODE: $this->db->query("UPDATE " . DB_PREFIX . "product SET model
LINE: 131
CODE: $product_option_query = $this->db->query("SELECT * FROM `" . DB_PREFIX . "product_option` po LEFT JOIN `" . DB_PREFIX . "option` o ON (po.option_id = o.option_id) LEFT JOIN `" . DB_PREFIX . "option_description` od ON (o.option_id = od.option_id) WHERE po.product_id = '" . (int)$product_id . "' AND od.language_id = '" . (int)$this->config->get('config_language_id') . "'");
LINE: 490

FILE: admin/controller/catalog/product.php
CODE: $this->load->model('catalog/product');
LINE: 12
LINE: 25
LINE: 80
LINE: 135
LINE: 192
LINE: 1268
CODE: $data['entry_required'] = $this->language->get('entry_required');
LINE: 617
CODE: 'required'             => $product_option['required']
LINE: 1054
LINE: 1338
CODE: $this->load->model('localisation/stock_status');
LINE: 884
CODE: function validateForm() {
LINE: 1261
CODE: if ($this->error && !isset($this->error['warning'])) {
LINE: 1308
CODE: public function add() {
LINE: 36
CODE: public function delete() {
LINE: 147
CODE: $this->model_catalog_product->deleteProduct($product_id);
LINE: 160
CODE: $this->model_catalog_product->addProduct($this->request->post);
LINE: 72
CODE: $this->model_catalog_product->editProduct($this->request->get['product_id'], $this->request->post);
LINE: 135
CODE: $this->model_catalog_product->editProduct($this->request->get['product_id'], $this->request->post);
LINE: 156
CODE: if (isset($this->session->data['success'])) {
LINE: 523
CODE: foreach ($product_option['product_option_value'] as $product_option_value) {
LINE: 1122
CODE: $this->load->model('design/layout');
LINE: 1294

FILE: admin/view/template/catalog/product_list.tpl
CODE: <?php if ($success) { ?>
LINE: 22

FILE: admin/view/template/catalog/product_form.tpl
CODE: <label class="col-sm-2 control-label" for="input-stock-status"><span data-toggle="tooltip" title="<?php echo $help_stock_status; ?>"><?php echo $entry_stock_status; ?></span></label>
LINE: 182
CODE: <input type="hidden" name="product_option[<?php echo $option_row; ?>][type]" value="<?php echo $product_option['type']; ?>" />
LINE: 433
CODE: html += '	<div class="form-group">';
LINE: 1038

FILE: admin/controller/catalog/option.php
CODE: $this->model_catalog_option->editOption
LINE: 67

FILE: catalog/model/catalog/product.php
CODE: 'required'             => $product_option['required']
LINE: 369
CODE: 'name'             => $query->row['name'],
LINE: 13

FILE: catalog/controller/checkout/cart.php
CODE: if (!$json) {
LINE: 377
CODE: if ($this->cart->hasProducts() || !empty($this->session->data['vouchers'])) {
LINE: 27
CODE: if (!$json) {
LINE: 386
CODE: $data['products'][] = array(
LINE: 159

FILE: catalog/controller/product/product.php
CODE: if (!$option_value['subtract'] || ($option_value['quantity'] > 0)) {
LINE: 341
CODE: $this->document->setDescription
LINE: 227
CODE: foreach ($this->model_catalog_product->getProductOptions($this->request->get['product_id']) as $option) {
LINE: 377
CODE: foreach ($option['product_option_value'] as $option_value) {
LINE: 385
CODE: 'required'             => $option['required']
LINE: 415
CODE: if ($product_info['minimum']) {
LINE: 424
CODE: public function review() {
LINE: 646
CODE: if ($product_info['quantity'] <= 0) {
LINE: 288

FILE: catalog/view/theme/default/template/product/product.tpl
CODE: if (json['error']['option']) {
LINE: 444
CODE: $('#cart > button').html
LINE: 474
CODE: $footer
LINE: 649

FILE: catalog/view/theme/logancee/template/product/product.tpl
CODE: if (json['error']['option']) {
LINE: 822
CODE: $('#cart-total').html(json['total']);
NOT FOUND - OPERATIONS ABORTED!

FILE: system/library/cart/cart.php
CODE: public function __construct($registry) {
LINE: 6
CODE: public function getProducts() {
LINE: 60
CODE: public function getProducts() {
LINE: 110
CODE: $product_query = $this->db->query
LINE: 122
CODE: $option_query = $this->db->query("SELECT po.product_option_id
LINE: 132
CODE: $option_data = array();
LINE: 130
CODE: if ($option_query->row['type'] == 'select' || $option_query->row['type'] == 'radio'
LINE: 141
CODE: $price = $product_query->row['price'];
LINE: 266
CODE: 'stock'           => $stock,
LINE: 351

FILE: catalog/view/theme/default/template/checkout/cart.tpl
CODE: <?php if (!$product['stock']) { ?>
LINE: 56

FILE: catalog/view/theme/logancee/template/checkout/cart.tpl
CODE: <?php if (!$product['stock']) { ?>
LINE: 31

FILE: catalog/model/checkout/order.php
CODE: $this->cache->delete('product');
LINE: 371
----------------------------------------------------------------
MOD: Product Import Export Suite (FREE)

FILE: admin/language/en-gb/common/column_left.php
CODE: // Text
LINE: 7

FILE: admin/language/es-es/common/column_left.php
CODE: // Text
LINE: 7

FILE: admin/language/english/common/menu.php
CODE: // Text
LINE: 7

FILE: admin/language/es-es/common/menu.php
CODE: // Text
LINE: 7

FILE: admin/language/spanish/common/menu.php
CODE: // Text
LINE: 7
CODE: if ($this->user->hasPermission('access', 'tool/backup')) {
LINE: 647
----------------------------------------------------------------
MOD: Product Import Export(Module Market)
CODE: // Text
LINE: 6
CODE: // Text
LINE: 6
CODE: // System
LINE: 441
CODE: // Text
LINE: 5
CODE: // Text
LINE: 5
CODE: // Text
LINE: 5
----------------------------------------------------------------
2019-09-09 23:57:43 - MOD: Modification Default

FILE: system/engine/action.php
REGEX: ~(require|include)(_once)?\(([^)]+)~
LINE: 41

FILE: system/engine/loader.php
REGEX: ~(require|include)(_once)?\(([^)]+)~
LINE: 49
LINE: 108
LINE: 120
LINE: 165

FILE: system/library/config.php
REGEX: ~(require|include)(_once)?\(([^)]+)~
LINE: 23

FILE: system/library/language.php
REGEX: ~(require|include)(_once)?\(([^)]+)~
LINE: 38
LINE: 40
LINE: 49
LINE: 51
LINE: 60
LINE: 62

FILE: system/library/template/php.php
REGEX: ~(require|include)(_once)?\(([^)]+)~
LINE: 18

FILE: system/library/template/tiwg.php
REGEX: ~(require|include)(_once)?\(([^)]+)~
LINE: 24
----------------------------------------------------------------
MOD: New tab

FILE: admin/controller/catalog/product.php
CODE: if (isset($this->request->post['points'])) {
LINE: 1183

FILE: admin/model/catalog/product.php
CODE: foreach ($data['product_description'] as $language_id => $value) {
LINE: 19
LINE: 153
CODE: public function getProductOptions($product_id) {
LINE: 517

FILE: admin/view/template/catalog/product_form.tpl
CODE: <label class="col-sm-2 control-label" for="input-tag<?php echo $language['language_id']; ?>"><span data-toggle="tooltip" title="<?php echo $help_tag; ?>"><?php echo $entry_tag; ?></span></label>
LINE: 107
CODE: <?php echo $footer; ?>
LINE: 1264

FILE: catalog/controller/product/product.php
CODE: $data['points'] = $product_info['points'];
LINE: 275

FILE: catalog/model/catalog/product.php
CODE: return array(
LINE: 20
CODE: return array(
LINE: 24

FILE: catalog/view/theme/default/template/product/product.tpl
CODE: <li class="active"><a href="#tab-description" data-toggle="tab"><?php echo $tab_description; ?></a></li>
LINE: 41
CODE: <div class="tab-pane active" id="tab-description"><?php echo $description; ?></div>
LINE: 55

FILE: catalog/view/theme/logancee/template/product/product.tpl
CODE: <li class="active"><a href="#tab-description" data-toggle="tab"><?php echo $tab_description; ?></a></li>
NOT FOUND - OPERATIONS ABORTED!
----------------------------------------------------------------
MOD: Option combination stock management module (Opencart 2.3.0.2)

FILE: admin/controller/common/column_left.php
CODE: hasPermission('access', 'catalog/recurring')
LINE: 71
CODE: 'required'             => $product_option['required']
LINE: 550
CODE: $this->db->query("INSERT INTO " . DB_PREFIX . "product_option SET product_id = '" . (int)$product_id . "', option_id = '" . (int)$product_option['option_id'] . "', required = '" . (int)$product_option['required'] . "'");
LINE: 48
CODE: $this->db->query("INSERT INTO " . DB_PREFIX . "product_option SET product_option_id = '" . (int)$product_option['product_option_id'] . "', product_id = '" . (int)$product_id . "', option_id = '" . (int)$product_option['option_id'] . "', required = '" . (int)$product_option['required'] . "'");
LINE: 187
CODE: $product_id = $this->db->getLastId();
LINE: 6
CODE: $this->db->query("UPDATE " . DB_PREFIX . "product SET model
LINE: 139
CODE: $product_option_query = $this->db->query("SELECT * FROM `" . DB_PREFIX . "product_option` po LEFT JOIN `" . DB_PREFIX . "option` o ON (po.option_id = o.option_id) LEFT JOIN `" . DB_PREFIX . "option_description` od ON (o.option_id = od.option_id) WHERE po.product_id = '" . (int)$product_id . "' AND od.language_id = '" . (int)$this->config->get('config_language_id') . "'");
LINE: 522
CODE: $this->load->model('catalog/product');
LINE: 12
LINE: 25
LINE: 80
LINE: 135
LINE: 192
LINE: 1289
CODE: $data['entry_required'] = $this->language->get('entry_required');
LINE: 617
CODE: 'required'             => $product_option['required']
LINE: 1054
LINE: 1359
CODE: $this->load->model('localisation/stock_status');
LINE: 884
CODE: function validateForm() {
LINE: 1282
CODE: if ($this->error && !isset($this->error['warning'])) {
LINE: 1329
CODE: public function add() {
LINE: 36
CODE: public function delete() {
LINE: 147
CODE: $this->model_catalog_product->deleteProduct($product_id);
LINE: 160
CODE: $this->model_catalog_product->addProduct($this->request->post);
LINE: 72
CODE: $this->model_catalog_product->editProduct($this->request->get['product_id'], $this->request->post);
LINE: 135
CODE: $this->model_catalog_product->editProduct($this->request->get['product_id'], $this->request->post);
LINE: 156
CODE: if (isset($this->session->data['success'])) {
LINE: 523
CODE: foreach ($product_option['product_option_value'] as $product_option_value) {
LINE: 1122
CODE: $this->load->model('design/layout');
LINE: 1315

FILE: admin/view/template/catalog/product_list.tpl
CODE: <?php if ($success) { ?>
LINE: 22
CODE: <label class="col-sm-2 control-label" for="input-stock-status"><span data-toggle="tooltip" title="<?php echo $help_stock_status; ?>"><?php echo $entry_stock_status; ?></span></label>
LINE: 204
CODE: <input type="hidden" name="product_option[<?php echo $option_row; ?>][type]" value="<?php echo $product_option['type']; ?>" />
LINE: 455
CODE: html += '	<div class="form-group">';
LINE: 1060

FILE: admin/controller/catalog/option.php
CODE: $this->model_catalog_option->editOption
LINE: 67
CODE: 'required'             => $product_option['required']
LINE: 383
CODE: 'name'             => $query->row['name'],
LINE: 27

FILE: catalog/controller/checkout/cart.php
CODE: if (!$json) {
LINE: 377
CODE: if ($this->cart->hasProducts() || !empty($this->session->data['vouchers'])) {
LINE: 27
CODE: if (!$json) {
LINE: 386
CODE: $data['products'][] = array(
LINE: 159
CODE: if (!$option_value['subtract'] || ($option_value['quantity'] > 0)) {
LINE: 346
CODE: $this->document->setDescription
LINE: 227
CODE: foreach ($this->model_catalog_product->getProductOptions($this->request->get['product_id']) as $option) {
LINE: 382
CODE: foreach ($option['product_option_value'] as $option_value) {
LINE: 390
CODE: 'required'             => $option['required']
LINE: 420
CODE: if ($product_info['minimum']) {
LINE: 429
CODE: public function review() {
LINE: 651
CODE: if ($product_info['quantity'] <= 0) {
LINE: 293
CODE: if (json['error']['option']) {
LINE: 454
CODE: $('#cart > button').html
LINE: 484
CODE: $footer
LINE: 659
CODE: if (json['error']['option']) {
LINE: 822
CODE: $('#cart-total').html(json['total']);
NOT FOUND - OPERATIONS ABORTED!

FILE: system/library/cart/cart.php
CODE: public function __construct($registry) {
LINE: 6
CODE: public function getProducts() {
LINE: 60
CODE: public function getProducts() {
LINE: 110
CODE: $product_query = $this->db->query
LINE: 122
CODE: $option_query = $this->db->query("SELECT po.product_option_id
LINE: 132
CODE: $option_data = array();
LINE: 130
CODE: if ($option_query->row['type'] == 'select' || $option_query->row['type'] == 'radio'
LINE: 141
CODE: $price = $product_query->row['price'];
LINE: 266
CODE: 'stock'           => $stock,
LINE: 351

FILE: catalog/view/theme/default/template/checkout/cart.tpl
CODE: <?php if (!$product['stock']) { ?>
LINE: 56

FILE: catalog/view/theme/logancee/template/checkout/cart.tpl
CODE: <?php if (!$product['stock']) { ?>
LINE: 31

FILE: catalog/model/checkout/order.php
CODE: $this->cache->delete('product');
LINE: 371
----------------------------------------------------------------
MOD: Product Import Export Suite (FREE)

FILE: admin/language/en-gb/common/column_left.php
CODE: // Text
LINE: 7

FILE: admin/language/es-es/common/column_left.php
CODE: // Text
LINE: 7

FILE: admin/language/english/common/menu.php
CODE: // Text
LINE: 7

FILE: admin/language/es-es/common/menu.php
CODE: // Text
LINE: 7

FILE: admin/language/spanish/common/menu.php
CODE: // Text
LINE: 7
CODE: if ($this->user->hasPermission('access', 'tool/backup')) {
LINE: 647
----------------------------------------------------------------
MOD: Product Import Export(Module Market)
CODE: // Text
LINE: 6
CODE: // Text
LINE: 6
CODE: // System
LINE: 441
CODE: // Text
LINE: 5
CODE: // Text
LINE: 5
CODE: // Text
LINE: 5
----------------------------------------------------------------
