---------- Date: 2019-09-09 18:04:15 ~ IP : 190.221.91.19 ----------
REQUEST URI : /edit/admin/index.php?route=extension/openbay/getorderinfo&token=MvGPT0fZs0n4iIhXrQdbKp4mvUQFp1ah&order_id=2524&status_id=31
MOD DETAILS:
   modFile   : /home/a6000574/public_html/edit/vqmod/xml/vqmod_opencart.xml
   id        : VQMOD CORE FOR OPENCART - DO NOT REMOVE
   version   : 1.4.1 and above
   vqmver    : 2.6.0
   author    : vqmod.com

File Name    : admin/controller/extension/*.php(1)
VQModObject::applyMod - SEARCH NOT FOUND (SKIPPED): ~(require|include)(_once)?\((?!VQMod::modCheck\()modification\(([^)]+)~

----------------------------------------------------------------------


---------- Date: 2019-09-09 23:54:58 ~ IP : 152.168.78.99 ----------
REQUEST URI : /edit/admin/index.php?route=extension/installer&token=tvsBx6AgEs7Rm9q9FS8neZgKgDeVoYG5
MOD DETAILS:
   modFile   : /home/a6000574/public_html/edit/vqmod/xml/product_importexport_suite.xml
   id        : Product Import Export Suite (FREE)
   version   : 1.0
   vqmver    : 2.6.0
   author    : Module Points
VQModObject::parseMods - Could not resolve path for [admin/controller/common/menu.php] (SKIPPED)
VQModObject::parseMods - Could not resolve path for [admin/view/template/common/menu.tpl] (SKIPPED)
MOD DETAILS:
   modFile   : /home/a6000574/public_html/edit/vqmod/xml/vqmod_opencart.xml
   id        : VQMOD CORE FOR OPENCART - DO NOT REMOVE
   version   : 1.4.1 and above
   vqmver    : 2.6.0
   author    : vqmod.com
VQModObject::parseMods - Could not resolve path for [admin/view/template/catalog/product_form.twig] (SKIPPED)
VQModObject::parseMods - Could not resolve path for [admin/view/template/catalog/product_form.twig] (SKIPPED)
VQModObject::parseMods - Could not resolve path for [admin/view/template/catalog/product_form.twig] (SKIPPED)
VQModObject::parseMods - Could not resolve path for [catalog/view/theme/default/template/product/product.twig] (SKIPPED)

File Name    : system/engine/*.php(0)
VQModObject::applyMod - SEARCH NOT FOUND (SKIPPED): ~^(\s*)(require|include)(_once)?(\s+|\()(?!VQMod::modCheck\()(?!modification\()([^);]+)~

File Name    : system/engine/*.php(0)
VQModObject::applyMod - SEARCH NOT FOUND (SKIPPED): ~^(\s*)(require|include)(_once)?(\s+|\()(?!VQMod::modCheck\()(?!modification\()([^);]+)~

File Name    : system/engine/*.php(1)
VQModObject::applyMod - SEARCH NOT FOUND (SKIPPED): ~(require|include)(_once)?\((?!VQMod::modCheck\()modification\(([^)]+)~

File Name    : system/engine/*.php(0)
VQModObject::applyMod - SEARCH NOT FOUND (SKIPPED): ~^(\s*)(require|include)(_once)?(\s+|\()(?!VQMod::modCheck\()(?!modification\()([^);]+)~

File Name    : system/engine/*.php(1)
VQModObject::applyMod - SEARCH NOT FOUND (SKIPPED): ~(require|include)(_once)?\((?!VQMod::modCheck\()modification\(([^)]+)~

File Name    : system/engine/*.php(0)
VQModObject::applyMod - SEARCH NOT FOUND (SKIPPED): ~^(\s*)(require|include)(_once)?(\s+|\()(?!VQMod::modCheck\()(?!modification\()([^);]+)~

File Name    : system/engine/*.php(1)
VQModObject::applyMod - SEARCH NOT FOUND (SKIPPED): ~(require|include)(_once)?\((?!VQMod::modCheck\()modification\(([^)]+)~

File Name    : system/engine/*.php(0)
VQModObject::applyMod - SEARCH NOT FOUND (SKIPPED): ~^(\s*)(require|include)(_once)?(\s+|\()(?!VQMod::modCheck\()(?!modification\()([^);]+)~

File Name    : system/engine/*.php(0)
VQModObject::applyMod - SEARCH NOT FOUND (SKIPPED): ~^(\s*)(require|include)(_once)?(\s+|\()(?!VQMod::modCheck\()(?!modification\()([^);]+)~

File Name    : system/engine/*.php(1)
VQModObject::applyMod - SEARCH NOT FOUND (SKIPPED): ~(require|include)(_once)?\((?!VQMod::modCheck\()modification\(([^)]+)~

File Name    : system/engine/*.php(0)
VQModObject::applyMod - SEARCH NOT FOUND (SKIPPED): ~^(\s*)(require|include)(_once)?(\s+|\()(?!VQMod::modCheck\()(?!modification\()([^);]+)~

File Name    : system/engine/*.php(1)
VQModObject::applyMod - SEARCH NOT FOUND (SKIPPED): ~(require|include)(_once)?\((?!VQMod::modCheck\()modification\(([^)]+)~

File Name    : system/engine/*.php(0)
VQModObject::applyMod - SEARCH NOT FOUND (SKIPPED): ~^(\s*)(require|include)(_once)?(\s+|\()(?!VQMod::modCheck\()(?!modification\()([^);]+)~

File Name    : system/engine/*.php(1)
VQModObject::applyMod - SEARCH NOT FOUND (SKIPPED): ~(require|include)(_once)?\((?!VQMod::modCheck\()modification\(([^)]+)~

File Name    : system/library/*.php(0)
VQModObject::applyMod - SEARCH NOT FOUND (SKIPPED): ~^(\s*)(require|include)(_once)?(\s+|\()(?!VQMod::modCheck\()(?!modification\()([^);]+)~

File Name    : system/library/*.php(0)
VQModObject::applyMod - SEARCH NOT FOUND (SKIPPED): ~^(\s*)(require|include)(_once)?(\s+|\()(?!VQMod::modCheck\()(?!modification\()([^);]+)~

File Name    : system/library/*.php(1)
VQModObject::applyMod - SEARCH NOT FOUND (SKIPPED): ~(require|include)(_once)?\((?!VQMod::modCheck\()modification\(([^)]+)~

File Name    : system/library/*.php(0)
VQModObject::applyMod - SEARCH NOT FOUND (SKIPPED): ~^(\s*)(require|include)(_once)?(\s+|\()(?!VQMod::modCheck\()(?!modification\()([^);]+)~

File Name    : system/library/*.php(1)
VQModObject::applyMod - SEARCH NOT FOUND (SKIPPED): ~(require|include)(_once)?\((?!VQMod::modCheck\()modification\(([^)]+)~

File Name    : system/library/*.php(0)
VQModObject::applyMod - SEARCH NOT FOUND (SKIPPED): ~^(\s*)(require|include)(_once)?(\s+|\()(?!VQMod::modCheck\()(?!modification\()([^);]+)~

File Name    : system/library/*.php(1)
VQModObject::applyMod - SEARCH NOT FOUND (SKIPPED): ~(require|include)(_once)?\((?!VQMod::modCheck\()modification\(([^)]+)~

File Name    : system/library/*.php(0)
VQModObject::applyMod - SEARCH NOT FOUND (SKIPPED): ~^(\s*)(require|include)(_once)?(\s+|\()(?!VQMod::modCheck\()(?!modification\()([^);]+)~

File Name    : system/library/*.php(1)
VQModObject::applyMod - SEARCH NOT FOUND (SKIPPED): ~(require|include)(_once)?\((?!VQMod::modCheck\()modification\(([^)]+)~

File Name    : system/library/*.php(0)
VQModObject::applyMod - SEARCH NOT FOUND (SKIPPED): ~^(\s*)(require|include)(_once)?(\s+|\()(?!VQMod::modCheck\()(?!modification\()([^);]+)~

File Name    : system/library/*.php(1)
VQModObject::applyMod - SEARCH NOT FOUND (SKIPPED): ~(require|include)(_once)?\((?!VQMod::modCheck\()modification\(([^)]+)~

File Name    : system/library/*.php(0)
VQModObject::applyMod - SEARCH NOT FOUND (SKIPPED): ~^(\s*)(require|include)(_once)?(\s+|\()(?!VQMod::modCheck\()(?!modification\()([^);]+)~

File Name    : system/library/*.php(1)
VQModObject::applyMod - SEARCH NOT FOUND (SKIPPED): ~(require|include)(_once)?\((?!VQMod::modCheck\()modification\(([^)]+)~

File Name    : system/library/*.php(0)
VQModObject::applyMod - SEARCH NOT FOUND (SKIPPED): ~^(\s*)(require|include)(_once)?(\s+|\()(?!VQMod::modCheck\()(?!modification\()([^);]+)~

File Name    : system/library/*.php(0)
VQModObject::applyMod - SEARCH NOT FOUND (SKIPPED): ~^(\s*)(require|include)(_once)?(\s+|\()(?!VQMod::modCheck\()(?!modification\()([^);]+)~

File Name    : system/library/*.php(1)
VQModObject::applyMod - SEARCH NOT FOUND (SKIPPED): ~(require|include)(_once)?\((?!VQMod::modCheck\()modification\(([^)]+)~

File Name    : system/library/*.php(0)
VQModObject::applyMod - SEARCH NOT FOUND (SKIPPED): ~^(\s*)(require|include)(_once)?(\s+|\()(?!VQMod::modCheck\()(?!modification\()([^);]+)~

File Name    : system/library/*.php(1)
VQModObject::applyMod - SEARCH NOT FOUND (SKIPPED): ~(require|include)(_once)?\((?!VQMod::modCheck\()modification\(([^)]+)~

File Name    : system/library/*.php(0)
VQModObject::applyMod - SEARCH NOT FOUND (SKIPPED): ~^(\s*)(require|include)(_once)?(\s+|\()(?!VQMod::modCheck\()(?!modification\()([^);]+)~

File Name    : system/library/*.php(1)
VQModObject::applyMod - SEARCH NOT FOUND (SKIPPED): ~(require|include)(_once)?\((?!VQMod::modCheck\()modification\(([^)]+)~

File Name    : system/library/*.php(0)
VQModObject::applyMod - SEARCH NOT FOUND (SKIPPED): ~^(\s*)(require|include)(_once)?(\s+|\()(?!VQMod::modCheck\()(?!modification\()([^);]+)~

File Name    : system/library/*.php(1)
VQModObject::applyMod - SEARCH NOT FOUND (SKIPPED): ~(require|include)(_once)?\((?!VQMod::modCheck\()modification\(([^)]+)~

File Name    : admin/controller/extension/*.php(1)
VQModObject::applyMod - SEARCH NOT FOUND (SKIPPED): ~(require|include)(_once)?\((?!VQMod::modCheck\()modification\(([^)]+)~

File Name    : admin/model/catalog/product.php(0)
VQModObject::applyMod - SEARCH NOT FOUND (SKIPPED): $this->db->query("INSERT INTO " . DB_PREFIX . "product_image SET product_id = '" . (int)$product_id . "', image = '" . $this->db->escape($product_image['image']) . "', sort_order = '" . (int)$product_image['sort_order'] . "'");

File Name    : system/library/*.php(0)
VQModObject::applyMod - SEARCH NOT FOUND (SKIPPED): ~^(\s*)(require|include)(_once)?(\s+|\()(?!VQMod::modCheck\()(?!modification\()([^);]+)~

File Name    : system/library/*.php(1)
VQModObject::applyMod - SEARCH NOT FOUND (SKIPPED): ~(require|include)(_once)?\((?!VQMod::modCheck\()modification\(([^)]+)~

File Name    : system/library/template/*.php(0)
VQModObject::applyMod - SEARCH NOT FOUND (SKIPPED): ~^(\s*)(require|include)(_once)?(\s+|\()(?!VQMod::modCheck\()(?!modification\()([^);]+)~

----------------------------------------------------------------------


---------- Date: 2019-09-09 23:55:00 ~ IP : 152.168.78.99 ----------
REQUEST URI : /edit/admin/index.php?route=extension/installer&token=tvsBx6AgEs7Rm9q9FS8neZgKgDeVoYG5
MOD DETAILS:
   modFile   : /home/a6000574/public_html/edit/vqmod/xml/vqmod_opencart.xml
   id        : VQMOD CORE FOR OPENCART - DO NOT REMOVE
   version   : 1.4.1 and above
   vqmver    : 2.6.0
   author    : vqmod.com

File Name    : system/library/*.php(0)
VQModObject::applyMod - SEARCH NOT FOUND (SKIPPED): ~^(\s*)(require|include)(_once)?(\s+|\()(?!VQMod::modCheck\()(?!modification\()([^);]+)~

File Name    : system/library/*.php(1)
VQModObject::applyMod - SEARCH NOT FOUND (SKIPPED): ~(require|include)(_once)?\((?!VQMod::modCheck\()modification\(([^)]+)~

File Name    : system/library/*.php(0)
VQModObject::applyMod - SEARCH NOT FOUND (SKIPPED): ~^(\s*)(require|include)(_once)?(\s+|\()(?!VQMod::modCheck\()(?!modification\()([^);]+)~

File Name    : system/library/*.php(1)
VQModObject::applyMod - SEARCH NOT FOUND (SKIPPED): ~(require|include)(_once)?\((?!VQMod::modCheck\()modification\(([^)]+)~

File Name    : system/library/*.php(0)
VQModObject::applyMod - SEARCH NOT FOUND (SKIPPED): ~^(\s*)(require|include)(_once)?(\s+|\()(?!VQMod::modCheck\()(?!modification\()([^);]+)~

File Name    : system/library/*.php(1)
VQModObject::applyMod - SEARCH NOT FOUND (SKIPPED): ~(require|include)(_once)?\((?!VQMod::modCheck\()modification\(([^)]+)~

File Name    : system/library/*.php(0)
VQModObject::applyMod - SEARCH NOT FOUND (SKIPPED): ~^(\s*)(require|include)(_once)?(\s+|\()(?!VQMod::modCheck\()(?!modification\()([^);]+)~

File Name    : system/library/*.php(1)
VQModObject::applyMod - SEARCH NOT FOUND (SKIPPED): ~(require|include)(_once)?\((?!VQMod::modCheck\()modification\(([^)]+)~

File Name    : system/library/*.php(0)
VQModObject::applyMod - SEARCH NOT FOUND (SKIPPED): ~^(\s*)(require|include)(_once)?(\s+|\()(?!VQMod::modCheck\()(?!modification\()([^);]+)~

File Name    : system/library/*.php(1)
VQModObject::applyMod - SEARCH NOT FOUND (SKIPPED): ~(require|include)(_once)?\((?!VQMod::modCheck\()modification\(([^)]+)~

File Name    : system/library/*.php(0)
VQModObject::applyMod - SEARCH NOT FOUND (SKIPPED): ~^(\s*)(require|include)(_once)?(\s+|\()(?!VQMod::modCheck\()(?!modification\()([^);]+)~

File Name    : system/library/*.php(1)
VQModObject::applyMod - SEARCH NOT FOUND (SKIPPED): ~(require|include)(_once)?\((?!VQMod::modCheck\()modification\(([^)]+)~

File Name    : system/library/*.php(0)
VQModObject::applyMod - SEARCH NOT FOUND (SKIPPED): ~^(\s*)(require|include)(_once)?(\s+|\()(?!VQMod::modCheck\()(?!modification\()([^);]+)~

File Name    : system/library/*.php(1)
VQModObject::applyMod - SEARCH NOT FOUND (SKIPPED): ~(require|include)(_once)?\((?!VQMod::modCheck\()modification\(([^)]+)~

File Name    : system/library/*.php(0)
VQModObject::applyMod - SEARCH NOT FOUND (SKIPPED): ~^(\s*)(require|include)(_once)?(\s+|\()(?!VQMod::modCheck\()(?!modification\()([^);]+)~

File Name    : system/library/*.php(1)
VQModObject::applyMod - SEARCH NOT FOUND (SKIPPED): ~(require|include)(_once)?\((?!VQMod::modCheck\()modification\(([^)]+)~

File Name    : system/library/*.php(0)
VQModObject::applyMod - SEARCH NOT FOUND (SKIPPED): ~^(\s*)(require|include)(_once)?(\s+|\()(?!VQMod::modCheck\()(?!modification\()([^);]+)~

File Name    : system/library/*.php(1)
VQModObject::applyMod - SEARCH NOT FOUND (SKIPPED): ~(require|include)(_once)?\((?!VQMod::modCheck\()modification\(([^)]+)~

----------------------------------------------------------------------


---------- Date: 2019-09-09 23:57:17 ~ IP : 152.168.78.99 ----------
REQUEST URI : /edit/admin/index.php?route=extension/installer&token=6yE8Aq7kUvzEIuSpyAgHqBWg8OLMuPIx
MOD DETAILS:
   modFile   : /home/a6000574/public_html/edit/vqmod/xml/product_importexport_suite.xml
   id        : Product Import Export Suite (FREE)
   version   : 1.0
   vqmver    : 2.6.0
   author    : Module Points
VQModObject::parseMods - Could not resolve path for [admin/controller/common/menu.php] (SKIPPED)
VQModObject::parseMods - Could not resolve path for [admin/view/template/common/menu.tpl] (SKIPPED)
MOD DETAILS:
   modFile   : /home/a6000574/public_html/edit/vqmod/xml/vqmod_opencart.xml
   id        : VQMOD CORE FOR OPENCART - DO NOT REMOVE
   version   : 1.4.1 and above
   vqmver    : 2.6.0
   author    : vqmod.com
VQModObject::parseMods - Could not resolve path for [admin/view/template/catalog/product_form.twig] (SKIPPED)
VQModObject::parseMods - Could not resolve path for [admin/view/template/catalog/product_form.twig] (SKIPPED)
VQModObject::parseMods - Could not resolve path for [admin/view/template/catalog/product_form.twig] (SKIPPED)
VQModObject::parseMods - Could not resolve path for [catalog/view/theme/default/template/product/product.twig] (SKIPPED)

File Name    : system/engine/*.php(0)
VQModObject::applyMod - SEARCH NOT FOUND (SKIPPED): ~^(\s*)(require|include)(_once)?(\s+|\()(?!VQMod::modCheck\()(?!modification\()([^);]+)~

File Name    : system/engine/*.php(0)
VQModObject::applyMod - SEARCH NOT FOUND (SKIPPED): ~^(\s*)(require|include)(_once)?(\s+|\()(?!VQMod::modCheck\()(?!modification\()([^);]+)~

File Name    : system/engine/*.php(1)
VQModObject::applyMod - SEARCH NOT FOUND (SKIPPED): ~(require|include)(_once)?\((?!VQMod::modCheck\()modification\(([^)]+)~

File Name    : system/engine/*.php(0)
VQModObject::applyMod - SEARCH NOT FOUND (SKIPPED): ~^(\s*)(require|include)(_once)?(\s+|\()(?!VQMod::modCheck\()(?!modification\()([^);]+)~

File Name    : system/engine/*.php(1)
VQModObject::applyMod - SEARCH NOT FOUND (SKIPPED): ~(require|include)(_once)?\((?!VQMod::modCheck\()modification\(([^)]+)~

File Name    : system/engine/*.php(0)
VQModObject::applyMod - SEARCH NOT FOUND (SKIPPED): ~^(\s*)(require|include)(_once)?(\s+|\()(?!VQMod::modCheck\()(?!modification\()([^);]+)~

File Name    : system/engine/*.php(1)
VQModObject::applyMod - SEARCH NOT FOUND (SKIPPED): ~(require|include)(_once)?\((?!VQMod::modCheck\()modification\(([^)]+)~

File Name    : system/engine/*.php(0)
VQModObject::applyMod - SEARCH NOT FOUND (SKIPPED): ~^(\s*)(require|include)(_once)?(\s+|\()(?!VQMod::modCheck\()(?!modification\()([^);]+)~

File Name    : system/engine/*.php(0)
VQModObject::applyMod - SEARCH NOT FOUND (SKIPPED): ~^(\s*)(require|include)(_once)?(\s+|\()(?!VQMod::modCheck\()(?!modification\()([^);]+)~

File Name    : system/engine/*.php(1)
VQModObject::applyMod - SEARCH NOT FOUND (SKIPPED): ~(require|include)(_once)?\((?!VQMod::modCheck\()modification\(([^)]+)~

File Name    : system/engine/*.php(0)
VQModObject::applyMod - SEARCH NOT FOUND (SKIPPED): ~^(\s*)(require|include)(_once)?(\s+|\()(?!VQMod::modCheck\()(?!modification\()([^);]+)~

File Name    : system/engine/*.php(1)
VQModObject::applyMod - SEARCH NOT FOUND (SKIPPED): ~(require|include)(_once)?\((?!VQMod::modCheck\()modification\(([^)]+)~

File Name    : system/engine/*.php(0)
VQModObject::applyMod - SEARCH NOT FOUND (SKIPPED): ~^(\s*)(require|include)(_once)?(\s+|\()(?!VQMod::modCheck\()(?!modification\()([^);]+)~

File Name    : system/engine/*.php(1)
VQModObject::applyMod - SEARCH NOT FOUND (SKIPPED): ~(require|include)(_once)?\((?!VQMod::modCheck\()modification\(([^)]+)~

File Name    : system/library/*.php(0)
VQModObject::applyMod - SEARCH NOT FOUND (SKIPPED): ~^(\s*)(require|include)(_once)?(\s+|\()(?!VQMod::modCheck\()(?!modification\()([^);]+)~

File Name    : system/library/*.php(0)
VQModObject::applyMod - SEARCH NOT FOUND (SKIPPED): ~^(\s*)(require|include)(_once)?(\s+|\()(?!VQMod::modCheck\()(?!modification\()([^);]+)~

File Name    : system/library/*.php(1)
VQModObject::applyMod - SEARCH NOT FOUND (SKIPPED): ~(require|include)(_once)?\((?!VQMod::modCheck\()modification\(([^)]+)~

File Name    : system/library/*.php(0)
VQModObject::applyMod - SEARCH NOT FOUND (SKIPPED): ~^(\s*)(require|include)(_once)?(\s+|\()(?!VQMod::modCheck\()(?!modification\()([^);]+)~

File Name    : system/library/*.php(1)
VQModObject::applyMod - SEARCH NOT FOUND (SKIPPED): ~(require|include)(_once)?\((?!VQMod::modCheck\()modification\(([^)]+)~

File Name    : system/library/*.php(0)
VQModObject::applyMod - SEARCH NOT FOUND (SKIPPED): ~^(\s*)(require|include)(_once)?(\s+|\()(?!VQMod::modCheck\()(?!modification\()([^);]+)~

File Name    : system/library/*.php(1)
VQModObject::applyMod - SEARCH NOT FOUND (SKIPPED): ~(require|include)(_once)?\((?!VQMod::modCheck\()modification\(([^)]+)~

File Name    : system/library/*.php(0)
VQModObject::applyMod - SEARCH NOT FOUND (SKIPPED): ~^(\s*)(require|include)(_once)?(\s+|\()(?!VQMod::modCheck\()(?!modification\()([^);]+)~

File Name    : system/library/*.php(1)
VQModObject::applyMod - SEARCH NOT FOUND (SKIPPED): ~(require|include)(_once)?\((?!VQMod::modCheck\()modification\(([^)]+)~

File Name    : system/library/*.php(0)
VQModObject::applyMod - SEARCH NOT FOUND (SKIPPED): ~^(\s*)(require|include)(_once)?(\s+|\()(?!VQMod::modCheck\()(?!modification\()([^);]+)~

File Name    : system/library/*.php(1)
VQModObject::applyMod - SEARCH NOT FOUND (SKIPPED): ~(require|include)(_once)?\((?!VQMod::modCheck\()modification\(([^)]+)~

File Name    : system/library/*.php(0)
VQModObject::applyMod - SEARCH NOT FOUND (SKIPPED): ~^(\s*)(require|include)(_once)?(\s+|\()(?!VQMod::modCheck\()(?!modification\()([^);]+)~

File Name    : system/library/*.php(1)
VQModObject::applyMod - SEARCH NOT FOUND (SKIPPED): ~(require|include)(_once)?\((?!VQMod::modCheck\()modification\(([^)]+)~

File Name    : system/library/*.php(0)
VQModObject::applyMod - SEARCH NOT FOUND (SKIPPED): ~^(\s*)(require|include)(_once)?(\s+|\()(?!VQMod::modCheck\()(?!modification\()([^);]+)~

File Name    : system/library/*.php(0)
VQModObject::applyMod - SEARCH NOT FOUND (SKIPPED): ~^(\s*)(require|include)(_once)?(\s+|\()(?!VQMod::modCheck\()(?!modification\()([^);]+)~

File Name    : system/library/*.php(1)
VQModObject::applyMod - SEARCH NOT FOUND (SKIPPED): ~(require|include)(_once)?\((?!VQMod::modCheck\()modification\(([^)]+)~

File Name    : system/library/*.php(0)
VQModObject::applyMod - SEARCH NOT FOUND (SKIPPED): ~^(\s*)(require|include)(_once)?(\s+|\()(?!VQMod::modCheck\()(?!modification\()([^);]+)~

File Name    : system/library/*.php(1)
VQModObject::applyMod - SEARCH NOT FOUND (SKIPPED): ~(require|include)(_once)?\((?!VQMod::modCheck\()modification\(([^)]+)~

File Name    : system/library/*.php(0)
VQModObject::applyMod - SEARCH NOT FOUND (SKIPPED): ~^(\s*)(require|include)(_once)?(\s+|\()(?!VQMod::modCheck\()(?!modification\()([^);]+)~

File Name    : system/library/*.php(1)
VQModObject::applyMod - SEARCH NOT FOUND (SKIPPED): ~(require|include)(_once)?\((?!VQMod::modCheck\()modification\(([^)]+)~

File Name    : system/library/*.php(0)
VQModObject::applyMod - SEARCH NOT FOUND (SKIPPED): ~^(\s*)(require|include)(_once)?(\s+|\()(?!VQMod::modCheck\()(?!modification\()([^);]+)~

File Name    : system/library/*.php(1)
VQModObject::applyMod - SEARCH NOT FOUND (SKIPPED): ~(require|include)(_once)?\((?!VQMod::modCheck\()modification\(([^)]+)~

File Name    : admin/controller/extension/*.php(1)
VQModObject::applyMod - SEARCH NOT FOUND (SKIPPED): ~(require|include)(_once)?\((?!VQMod::modCheck\()modification\(([^)]+)~

File Name    : admin/model/catalog/product.php(0)
VQModObject::applyMod - SEARCH NOT FOUND (SKIPPED): $this->db->query("INSERT INTO " . DB_PREFIX . "product_image SET product_id = '" . (int)$product_id . "', image = '" . $this->db->escape($product_image['image']) . "', sort_order = '" . (int)$product_image['sort_order'] . "'");

File Name    : system/library/*.php(0)
VQModObject::applyMod - SEARCH NOT FOUND (SKIPPED): ~^(\s*)(require|include)(_once)?(\s+|\()(?!VQMod::modCheck\()(?!modification\()([^);]+)~

File Name    : system/library/*.php(1)
VQModObject::applyMod - SEARCH NOT FOUND (SKIPPED): ~(require|include)(_once)?\((?!VQMod::modCheck\()modification\(([^)]+)~

File Name    : system/library/template/*.php(0)
VQModObject::applyMod - SEARCH NOT FOUND (SKIPPED): ~^(\s*)(require|include)(_once)?(\s+|\()(?!VQMod::modCheck\()(?!modification\()([^);]+)~

----------------------------------------------------------------------


---------- Date: 2019-09-09 23:57:37 ~ IP : 152.168.78.99 ----------
REQUEST URI : /edit/admin/index.php?route=extension/modification&token=6yE8Aq7kUvzEIuSpyAgHqBWg8OLMuPIx
MOD DETAILS:
   modFile   : /home/a6000574/public_html/edit/vqmod/xml/vqmod_opencart.xml
   id        : VQMOD CORE FOR OPENCART - DO NOT REMOVE
   version   : 1.4.1 and above
   vqmver    : 2.6.0
   author    : vqmod.com

File Name    : admin/controller/extension/*.php(0)
VQModObject::applyMod - SEARCH NOT FOUND (SKIPPED): ~^(\s*)(require|include)(_once)?(\s+|\()(?!VQMod::modCheck\()(?!modification\()([^);]+)~

File Name    : admin/controller/extension/*.php(1)
VQModObject::applyMod - SEARCH NOT FOUND (SKIPPED): ~(require|include)(_once)?\((?!VQMod::modCheck\()modification\(([^)]+)~

File Name    : system/library/*.php(0)
VQModObject::applyMod - SEARCH NOT FOUND (SKIPPED): ~^(\s*)(require|include)(_once)?(\s+|\()(?!VQMod::modCheck\()(?!modification\()([^);]+)~

File Name    : system/library/*.php(1)
VQModObject::applyMod - SEARCH NOT FOUND (SKIPPED): ~(require|include)(_once)?\((?!VQMod::modCheck\()modification\(([^)]+)~

----------------------------------------------------------------------


---------- Date: 2019-09-09 23:57:54 ~ IP : 152.168.78.99 ----------
REQUEST URI : /edit/admin/
MOD DETAILS:
   modFile   : /home/a6000574/public_html/edit/vqmod/xml/vqmod_opencart.xml
   id        : VQMOD CORE FOR OPENCART - DO NOT REMOVE
   version   : 1.4.1 and above
   vqmver    : 2.6.0
   author    : vqmod.com

File Name    : system/library/template/*.php(0)
VQModObject::applyMod - SEARCH NOT FOUND (SKIPPED): ~^(\s*)(require|include)(_once)?(\s+|\()(?!VQMod::modCheck\()(?!modification\()([^);]+)~

----------------------------------------------------------------------


---------- Date: 2019-09-09 23:58:08 ~ IP : 152.168.78.99 ----------
REQUEST URI : /edit/admin/
MOD DETAILS:
   modFile   : /home/a6000574/public_html/edit/vqmod/xml/product_importexport_suite.xml
   id        : Product Import Export Suite (FREE)
   version   : 1.0
   vqmver    : 2.6.0
   author    : Module Points
VQModObject::parseMods - Could not resolve path for [admin/controller/common/menu.php] (SKIPPED)
VQModObject::parseMods - Could not resolve path for [admin/view/template/common/menu.tpl] (SKIPPED)
MOD DETAILS:
   modFile   : /home/a6000574/public_html/edit/vqmod/xml/vqmod_opencart.xml
   id        : VQMOD CORE FOR OPENCART - DO NOT REMOVE
   version   : 1.4.1 and above
   vqmver    : 2.6.0
   author    : vqmod.com
VQModObject::parseMods - Could not resolve path for [admin/view/template/catalog/product_form.twig] (SKIPPED)
VQModObject::parseMods - Could not resolve path for [admin/view/template/catalog/product_form.twig] (SKIPPED)
VQModObject::parseMods - Could not resolve path for [admin/view/template/catalog/product_form.twig] (SKIPPED)
VQModObject::parseMods - Could not resolve path for [catalog/view/theme/default/template/product/product.twig] (SKIPPED)

File Name    : system/engine/*.php(0)
VQModObject::applyMod - SEARCH NOT FOUND (SKIPPED): ~^(\s*)(require|include)(_once)?(\s+|\()(?!VQMod::modCheck\()(?!modification\()([^);]+)~

File Name    : system/engine/*.php(0)
VQModObject::applyMod - SEARCH NOT FOUND (SKIPPED): ~^(\s*)(require|include)(_once)?(\s+|\()(?!VQMod::modCheck\()(?!modification\()([^);]+)~

File Name    : system/engine/*.php(1)
VQModObject::applyMod - SEARCH NOT FOUND (SKIPPED): ~(require|include)(_once)?\((?!VQMod::modCheck\()modification\(([^)]+)~

File Name    : system/engine/*.php(0)
VQModObject::applyMod - SEARCH NOT FOUND (SKIPPED): ~^(\s*)(require|include)(_once)?(\s+|\()(?!VQMod::modCheck\()(?!modification\()([^);]+)~

File Name    : system/engine/*.php(1)
VQModObject::applyMod - SEARCH NOT FOUND (SKIPPED): ~(require|include)(_once)?\((?!VQMod::modCheck\()modification\(([^)]+)~

File Name    : system/engine/*.php(0)
VQModObject::applyMod - SEARCH NOT FOUND (SKIPPED): ~^(\s*)(require|include)(_once)?(\s+|\()(?!VQMod::modCheck\()(?!modification\()([^);]+)~

File Name    : system/engine/*.php(1)
VQModObject::applyMod - SEARCH NOT FOUND (SKIPPED): ~(require|include)(_once)?\((?!VQMod::modCheck\()modification\(([^)]+)~

File Name    : system/engine/*.php(0)
VQModObject::applyMod - SEARCH NOT FOUND (SKIPPED): ~^(\s*)(require|include)(_once)?(\s+|\()(?!VQMod::modCheck\()(?!modification\()([^);]+)~

File Name    : system/engine/*.php(0)
VQModObject::applyMod - SEARCH NOT FOUND (SKIPPED): ~^(\s*)(require|include)(_once)?(\s+|\()(?!VQMod::modCheck\()(?!modification\()([^);]+)~

File Name    : system/engine/*.php(1)
VQModObject::applyMod - SEARCH NOT FOUND (SKIPPED): ~(require|include)(_once)?\((?!VQMod::modCheck\()modification\(([^)]+)~

File Name    : system/engine/*.php(0)
VQModObject::applyMod - SEARCH NOT FOUND (SKIPPED): ~^(\s*)(require|include)(_once)?(\s+|\()(?!VQMod::modCheck\()(?!modification\()([^);]+)~

File Name    : system/engine/*.php(1)
VQModObject::applyMod - SEARCH NOT FOUND (SKIPPED): ~(require|include)(_once)?\((?!VQMod::modCheck\()modification\(([^)]+)~

File Name    : system/engine/*.php(0)
VQModObject::applyMod - SEARCH NOT FOUND (SKIPPED): ~^(\s*)(require|include)(_once)?(\s+|\()(?!VQMod::modCheck\()(?!modification\()([^);]+)~

File Name    : system/engine/*.php(1)
VQModObject::applyMod - SEARCH NOT FOUND (SKIPPED): ~(require|include)(_once)?\((?!VQMod::modCheck\()modification\(([^)]+)~

File Name    : system/library/*.php(0)
VQModObject::applyMod - SEARCH NOT FOUND (SKIPPED): ~^(\s*)(require|include)(_once)?(\s+|\()(?!VQMod::modCheck\()(?!modification\()([^);]+)~

File Name    : system/library/*.php(0)
VQModObject::applyMod - SEARCH NOT FOUND (SKIPPED): ~^(\s*)(require|include)(_once)?(\s+|\()(?!VQMod::modCheck\()(?!modification\()([^);]+)~

File Name    : system/library/*.php(1)
VQModObject::applyMod - SEARCH NOT FOUND (SKIPPED): ~(require|include)(_once)?\((?!VQMod::modCheck\()modification\(([^)]+)~

File Name    : system/library/*.php(0)
VQModObject::applyMod - SEARCH NOT FOUND (SKIPPED): ~^(\s*)(require|include)(_once)?(\s+|\()(?!VQMod::modCheck\()(?!modification\()([^);]+)~

File Name    : system/library/*.php(1)
VQModObject::applyMod - SEARCH NOT FOUND (SKIPPED): ~(require|include)(_once)?\((?!VQMod::modCheck\()modification\(([^)]+)~

File Name    : system/library/*.php(0)
VQModObject::applyMod - SEARCH NOT FOUND (SKIPPED): ~^(\s*)(require|include)(_once)?(\s+|\()(?!VQMod::modCheck\()(?!modification\()([^);]+)~

File Name    : system/library/*.php(1)
VQModObject::applyMod - SEARCH NOT FOUND (SKIPPED): ~(require|include)(_once)?\((?!VQMod::modCheck\()modification\(([^)]+)~

File Name    : system/library/*.php(0)
VQModObject::applyMod - SEARCH NOT FOUND (SKIPPED): ~^(\s*)(require|include)(_once)?(\s+|\()(?!VQMod::modCheck\()(?!modification\()([^);]+)~

File Name    : system/library/*.php(1)
VQModObject::applyMod - SEARCH NOT FOUND (SKIPPED): ~(require|include)(_once)?\((?!VQMod::modCheck\()modification\(([^)]+)~

File Name    : system/library/*.php(0)
VQModObject::applyMod - SEARCH NOT FOUND (SKIPPED): ~^(\s*)(require|include)(_once)?(\s+|\()(?!VQMod::modCheck\()(?!modification\()([^);]+)~

File Name    : system/library/*.php(1)
VQModObject::applyMod - SEARCH NOT FOUND (SKIPPED): ~(require|include)(_once)?\((?!VQMod::modCheck\()modification\(([^)]+)~

File Name    : system/library/*.php(0)
VQModObject::applyMod - SEARCH NOT FOUND (SKIPPED): ~^(\s*)(require|include)(_once)?(\s+|\()(?!VQMod::modCheck\()(?!modification\()([^);]+)~

File Name    : system/library/*.php(1)
VQModObject::applyMod - SEARCH NOT FOUND (SKIPPED): ~(require|include)(_once)?\((?!VQMod::modCheck\()modification\(([^)]+)~

File Name    : system/library/*.php(0)
VQModObject::applyMod - SEARCH NOT FOUND (SKIPPED): ~^(\s*)(require|include)(_once)?(\s+|\()(?!VQMod::modCheck\()(?!modification\()([^);]+)~

File Name    : system/library/*.php(0)
VQModObject::applyMod - SEARCH NOT FOUND (SKIPPED): ~^(\s*)(require|include)(_once)?(\s+|\()(?!VQMod::modCheck\()(?!modification\()([^);]+)~

File Name    : system/library/*.php(1)
VQModObject::applyMod - SEARCH NOT FOUND (SKIPPED): ~(require|include)(_once)?\((?!VQMod::modCheck\()modification\(([^)]+)~

File Name    : system/library/*.php(0)
VQModObject::applyMod - SEARCH NOT FOUND (SKIPPED): ~^(\s*)(require|include)(_once)?(\s+|\()(?!VQMod::modCheck\()(?!modification\()([^);]+)~

File Name    : system/library/*.php(1)
VQModObject::applyMod - SEARCH NOT FOUND (SKIPPED): ~(require|include)(_once)?\((?!VQMod::modCheck\()modification\(([^)]+)~

File Name    : system/library/*.php(0)
VQModObject::applyMod - SEARCH NOT FOUND (SKIPPED): ~^(\s*)(require|include)(_once)?(\s+|\()(?!VQMod::modCheck\()(?!modification\()([^);]+)~

File Name    : system/library/*.php(1)
VQModObject::applyMod - SEARCH NOT FOUND (SKIPPED): ~(require|include)(_once)?\((?!VQMod::modCheck\()modification\(([^)]+)~

File Name    : system/library/*.php(0)
VQModObject::applyMod - SEARCH NOT FOUND (SKIPPED): ~^(\s*)(require|include)(_once)?(\s+|\()(?!VQMod::modCheck\()(?!modification\()([^);]+)~

File Name    : system/library/*.php(1)
VQModObject::applyMod - SEARCH NOT FOUND (SKIPPED): ~(require|include)(_once)?\((?!VQMod::modCheck\()modification\(([^)]+)~

File Name    : system/library/*.php(0)
VQModObject::applyMod - SEARCH NOT FOUND (SKIPPED): ~^(\s*)(require|include)(_once)?(\s+|\()(?!VQMod::modCheck\()(?!modification\()([^);]+)~

File Name    : system/library/*.php(1)
VQModObject::applyMod - SEARCH NOT FOUND (SKIPPED): ~(require|include)(_once)?\((?!VQMod::modCheck\()modification\(([^)]+)~

File Name    : system/library/template/*.php(0)
VQModObject::applyMod - SEARCH NOT FOUND (SKIPPED): ~^(\s*)(require|include)(_once)?(\s+|\()(?!VQMod::modCheck\()(?!modification\()([^);]+)~

----------------------------------------------------------------------


---------- Date: 2019-09-09 23:58:13 ~ IP : 152.168.78.99 ----------
REQUEST URI : /edit/admin/index.php?route=common/dashboard&token=oBvPxeZDWO52zhdFWOHRZbpXZjwxF8Lj
MOD DETAILS:
   modFile   : /home/a6000574/public_html/edit/vqmod/xml/vqmod_opencart.xml
   id        : VQMOD CORE FOR OPENCART - DO NOT REMOVE
   version   : 1.4.1 and above
   vqmver    : 2.6.0
   author    : vqmod.com

File Name    : admin/model/catalog/product.php(0)
VQModObject::applyMod - SEARCH NOT FOUND (SKIPPED): $this->db->query("INSERT INTO " . DB_PREFIX . "product_image SET product_id = '" . (int)$product_id . "', image = '" . $this->db->escape($product_image['image']) . "', sort_order = '" . (int)$product_image['sort_order'] . "'");

----------------------------------------------------------------------


---------- Date: 2019-09-09 23:58:23 ~ IP : 152.168.78.99 ----------
REQUEST URI : /edit/admin/index.php?route=extension/modification&token=oBvPxeZDWO52zhdFWOHRZbpXZjwxF8Lj
MOD DETAILS:
   modFile   : /home/a6000574/public_html/edit/vqmod/xml/vqmod_opencart.xml
   id        : VQMOD CORE FOR OPENCART - DO NOT REMOVE
   version   : 1.4.1 and above
   vqmver    : 2.6.0
   author    : vqmod.com

File Name    : admin/controller/extension/*.php(0)
VQModObject::applyMod - SEARCH NOT FOUND (SKIPPED): ~^(\s*)(require|include)(_once)?(\s+|\()(?!VQMod::modCheck\()(?!modification\()([^);]+)~

File Name    : admin/controller/extension/*.php(1)
VQModObject::applyMod - SEARCH NOT FOUND (SKIPPED): ~(require|include)(_once)?\((?!VQMod::modCheck\()modification\(([^)]+)~

File Name    : system/library/*.php(0)
VQModObject::applyMod - SEARCH NOT FOUND (SKIPPED): ~^(\s*)(require|include)(_once)?(\s+|\()(?!VQMod::modCheck\()(?!modification\()([^);]+)~

File Name    : system/library/*.php(1)
VQModObject::applyMod - SEARCH NOT FOUND (SKIPPED): ~(require|include)(_once)?\((?!VQMod::modCheck\()modification\(([^)]+)~

----------------------------------------------------------------------


---------- Date: 2019-09-09 23:59:07 ~ IP : 152.168.78.99 ----------
REQUEST URI : /edit/
MOD DETAILS:
   modFile   : /home/a6000574/public_html/edit/vqmod/xml/vqmod_opencart.xml
   id        : VQMOD CORE FOR OPENCART - DO NOT REMOVE
   version   : 1.4.1 and above
   vqmver    : 2.6.0
   author    : vqmod.com

File Name    : catalog/controller/event/theme.php(0)
VQModObject::applyMod - SEARCH NOT FOUND (SKIPPED): ~^(\s*)(require|include)(_once)?(\s+|\()(?!VQMod::modCheck\()(?!modification\()([^);]+)~

File Name    : catalog/controller/event/theme.php(1)
VQModObject::applyMod - SEARCH NOT FOUND (SKIPPED): ~(require|include)(_once)?\((?!VQMod::modCheck\()modification\(([^)]+)~

----------------------------------------------------------------------


---------- Date: 2019-09-09 23:59:54 ~ IP : 152.168.78.99 ----------
REQUEST URI : /edit/admin/index.php?route=extension/extension&token=oBvPxeZDWO52zhdFWOHRZbpXZjwxF8Lj
MOD DETAILS:
   modFile   : /home/a6000574/public_html/edit/vqmod/xml/vqmod_opencart.xml
   id        : VQMOD CORE FOR OPENCART - DO NOT REMOVE
   version   : 1.4.1 and above
   vqmver    : 2.6.0
   author    : vqmod.com

File Name    : admin/controller/extension/*.php(0)
VQModObject::applyMod - SEARCH NOT FOUND (SKIPPED): ~^(\s*)(require|include)(_once)?(\s+|\()(?!VQMod::modCheck\()(?!modification\()([^);]+)~

File Name    : admin/controller/extension/*.php(1)
VQModObject::applyMod - SEARCH NOT FOUND (SKIPPED): ~(require|include)(_once)?\((?!VQMod::modCheck\()modification\(([^)]+)~

----------------------------------------------------------------------


