---------- Date: 2019-09-11 12:03:01 ~ IP : 152.168.78.99 ----------
REQUEST URI : /edit/index.php?route=information/information&information_id=15
MOD DETAILS:
   modFile   : /home/a6000574/public_html/edit/vqmod/xml/vqmod_opencart.xml
   id        : VQMOD CORE FOR OPENCART - DO NOT REMOVE
   version   : 1.4.1 and above
   vqmver    : 2.6.0
   author    : vqmod.com

File Name    : system/engine/*.php(0)
VQModObject::applyMod - SEARCH NOT FOUND (SKIPPED): ~^(\s*)(require|include)(_once)?(\s+|\()(?!VQMod::modCheck\()(?!modification\()([^);]+)~

File Name    : system/engine/*.php(0)
VQModObject::applyMod - SEARCH NOT FOUND (SKIPPED): ~^(\s*)(require|include)(_once)?(\s+|\()(?!VQMod::modCheck\()(?!modification\()([^);]+)~

File Name    : system/library/*.php(0)
VQModObject::applyMod - SEARCH NOT FOUND (SKIPPED): ~^(\s*)(require|include)(_once)?(\s+|\()(?!VQMod::modCheck\()(?!modification\()([^);]+)~

File Name    : system/library/*.php(0)
VQModObject::applyMod - SEARCH NOT FOUND (SKIPPED): ~^(\s*)(require|include)(_once)?(\s+|\()(?!VQMod::modCheck\()(?!modification\()([^);]+)~

File Name    : system/library/template/*.php(0)
VQModObject::applyMod - SEARCH NOT FOUND (SKIPPED): ~^(\s*)(require|include)(_once)?(\s+|\()(?!VQMod::modCheck\()(?!modification\()([^);]+)~

----------------------------------------------------------------------


---------- Date: 2019-09-11 12:25:59 ~ IP : 181.229.219.214 ----------
REQUEST URI : /edit/admin/index.php?route=common/dashboard&token=rJ1BavK2HVhNL4ymX2wNTRp3bxOSS6v5
MOD DETAILS:
   modFile   : /home/a6000574/public_html/edit/vqmod/xml/vqmod_opencart.xml
   id        : VQMOD CORE FOR OPENCART - DO NOT REMOVE
   version   : 1.4.1 and above
   vqmver    : 2.6.0
   author    : vqmod.com

File Name    : admin/model/catalog/product.php(0)
VQModObject::applyMod - SEARCH NOT FOUND (SKIPPED): $this->db->query("INSERT INTO " . DB_PREFIX . "product_image SET product_id = '" . (int)$product_id . "', image = '" . $this->db->escape($product_image['image']) . "', sort_order = '" . (int)$product_image['sort_order'] . "'");

----------------------------------------------------------------------


---------- Date: 2019-09-11 14:58:14 ~ IP : 186.4.111.100 ----------
REQUEST URI : /edit/index.php?route=account/register
MOD DETAILS:
   modFile   : /home/a6000574/public_html/edit/vqmod/xml/vqmod_opencart.xml
   id        : VQMOD CORE FOR OPENCART - DO NOT REMOVE
   version   : 1.4.1 and above
   vqmver    : 2.6.0
   author    : vqmod.com

File Name    : system/library/*.php(0)
VQModObject::applyMod - SEARCH NOT FOUND (SKIPPED): ~^(\s*)(require|include)(_once)?(\s+|\()(?!VQMod::modCheck\()(?!modification\()([^);]+)~

File Name    : system/library/*.php(1)
VQModObject::applyMod - SEARCH NOT FOUND (SKIPPED): ~(require|include)(_once)?\((?!VQMod::modCheck\()modification\(([^)]+)~

----------------------------------------------------------------------


