---------- Date: 2019-08-16 12:38:14 ~ IP : 152.168.78.99 ----------
REQUEST URI : /edit/admin/index.php?route=user/user_permission&token=gxQcIK8mhopXbsFGqVxMfnewUgqrop65
MOD DETAILS:
   modFile   : /home/a6000574/public_html/edit/vqmod/xml/product_importexport_suite.xml
   id        : Product Import Export Suite (FREE)
   version   : 1.0
   vqmver    : 2.6.0
   author    : Module Points
VQModObject::parseMods - Could not resolve path for [admin/controller/common/menu.php] (SKIPPED)
VQModObject::parseMods - Could not resolve path for [admin/view/template/common/menu.tpl] (SKIPPED)
MOD DETAILS:
   modFile   : /home/a6000574/public_html/edit/vqmod/xml/vqmod_opencart.xml
   id        : VQMOD CORE FOR OPENCART - DO NOT REMOVE
   version   : 1.4.1 and above
   vqmver    : 2.6.0
   author    : vqmod.com
VQModObject::parseMods - Could not resolve path for [admin/view/template/catalog/product_form.twig] (SKIPPED)
VQModObject::parseMods - Could not resolve path for [admin/view/template/catalog/product_form.twig] (SKIPPED)
VQModObject::parseMods - Could not resolve path for [admin/view/template/catalog/product_form.twig] (SKIPPED)
VQModObject::parseMods - Could not resolve path for [catalog/view/theme/default/template/product/product.twig] (SKIPPED)

File Name    : system/engine/*.php(0)
VQModObject::applyMod - SEARCH NOT FOUND (SKIPPED): ~^(\s*)(require|include)(_once)?(\s+|\()(?!VQMod::modCheck\()(?!modification\()([^);]+)~

File Name    : system/engine/*.php(1)
VQModObject::applyMod - SEARCH NOT FOUND (SKIPPED): ~(require|include)(_once)?\((?!VQMod::modCheck\()modification\(([^)]+)~

File Name    : system/engine/*.php(0)
VQModObject::applyMod - SEARCH NOT FOUND (SKIPPED): ~^(\s*)(require|include)(_once)?(\s+|\()(?!VQMod::modCheck\()(?!modification\()([^);]+)~

File Name    : system/engine/*.php(1)
VQModObject::applyMod - SEARCH NOT FOUND (SKIPPED): ~(require|include)(_once)?\((?!VQMod::modCheck\()modification\(([^)]+)~

File Name    : system/engine/*.php(0)
VQModObject::applyMod - SEARCH NOT FOUND (SKIPPED): ~^(\s*)(require|include)(_once)?(\s+|\()(?!VQMod::modCheck\()(?!modification\()([^);]+)~

File Name    : system/engine/*.php(1)
VQModObject::applyMod - SEARCH NOT FOUND (SKIPPED): ~(require|include)(_once)?\((?!VQMod::modCheck\()modification\(([^)]+)~

File Name    : system/engine/*.php(0)
VQModObject::applyMod - SEARCH NOT FOUND (SKIPPED): ~^(\s*)(require|include)(_once)?(\s+|\()(?!VQMod::modCheck\()(?!modification\()([^);]+)~

File Name    : system/engine/*.php(1)
VQModObject::applyMod - SEARCH NOT FOUND (SKIPPED): ~(require|include)(_once)?\((?!VQMod::modCheck\()modification\(([^)]+)~

File Name    : system/library/*.php(0)
VQModObject::applyMod - SEARCH NOT FOUND (SKIPPED): ~^(\s*)(require|include)(_once)?(\s+|\()(?!VQMod::modCheck\()(?!modification\()([^);]+)~

File Name    : system/library/*.php(1)
VQModObject::applyMod - SEARCH NOT FOUND (SKIPPED): ~(require|include)(_once)?\((?!VQMod::modCheck\()modification\(([^)]+)~

File Name    : system/library/*.php(0)
VQModObject::applyMod - SEARCH NOT FOUND (SKIPPED): ~^(\s*)(require|include)(_once)?(\s+|\()(?!VQMod::modCheck\()(?!modification\()([^);]+)~

File Name    : system/library/*.php(1)
VQModObject::applyMod - SEARCH NOT FOUND (SKIPPED): ~(require|include)(_once)?\((?!VQMod::modCheck\()modification\(([^)]+)~

File Name    : system/library/*.php(0)
VQModObject::applyMod - SEARCH NOT FOUND (SKIPPED): ~^(\s*)(require|include)(_once)?(\s+|\()(?!VQMod::modCheck\()(?!modification\()([^);]+)~

File Name    : system/library/*.php(1)
VQModObject::applyMod - SEARCH NOT FOUND (SKIPPED): ~(require|include)(_once)?\((?!VQMod::modCheck\()modification\(([^)]+)~

File Name    : system/library/*.php(0)
VQModObject::applyMod - SEARCH NOT FOUND (SKIPPED): ~^(\s*)(require|include)(_once)?(\s+|\()(?!VQMod::modCheck\()(?!modification\()([^);]+)~

File Name    : system/library/*.php(1)
VQModObject::applyMod - SEARCH NOT FOUND (SKIPPED): ~(require|include)(_once)?\((?!VQMod::modCheck\()modification\(([^)]+)~

File Name    : system/library/*.php(0)
VQModObject::applyMod - SEARCH NOT FOUND (SKIPPED): ~^(\s*)(require|include)(_once)?(\s+|\()(?!VQMod::modCheck\()(?!modification\()([^);]+)~

File Name    : system/library/*.php(1)
VQModObject::applyMod - SEARCH NOT FOUND (SKIPPED): ~(require|include)(_once)?\((?!VQMod::modCheck\()modification\(([^)]+)~

File Name    : system/library/*.php(0)
VQModObject::applyMod - SEARCH NOT FOUND (SKIPPED): ~^(\s*)(require|include)(_once)?(\s+|\()(?!VQMod::modCheck\()(?!modification\()([^);]+)~

File Name    : system/library/*.php(1)
VQModObject::applyMod - SEARCH NOT FOUND (SKIPPED): ~(require|include)(_once)?\((?!VQMod::modCheck\()modification\(([^)]+)~

File Name    : system/library/*.php(1)
VQModObject::applyMod - SEARCH NOT FOUND (SKIPPED): ~(require|include)(_once)?\((?!VQMod::modCheck\()modification\(([^)]+)~

File Name    : system/library/*.php(0)
VQModObject::applyMod - SEARCH NOT FOUND (SKIPPED): ~^(\s*)(require|include)(_once)?(\s+|\()(?!VQMod::modCheck\()(?!modification\()([^);]+)~

File Name    : system/library/*.php(1)
VQModObject::applyMod - SEARCH NOT FOUND (SKIPPED): ~(require|include)(_once)?\((?!VQMod::modCheck\()modification\(([^)]+)~

File Name    : system/library/*.php(0)
VQModObject::applyMod - SEARCH NOT FOUND (SKIPPED): ~^(\s*)(require|include)(_once)?(\s+|\()(?!VQMod::modCheck\()(?!modification\()([^);]+)~

File Name    : system/library/*.php(1)
VQModObject::applyMod - SEARCH NOT FOUND (SKIPPED): ~(require|include)(_once)?\((?!VQMod::modCheck\()modification\(([^)]+)~

File Name    : system/library/*.php(0)
VQModObject::applyMod - SEARCH NOT FOUND (SKIPPED): ~^(\s*)(require|include)(_once)?(\s+|\()(?!VQMod::modCheck\()(?!modification\()([^);]+)~

File Name    : system/library/*.php(1)
VQModObject::applyMod - SEARCH NOT FOUND (SKIPPED): ~(require|include)(_once)?\((?!VQMod::modCheck\()modification\(([^)]+)~

File Name    : system/library/*.php(0)
VQModObject::applyMod - SEARCH NOT FOUND (SKIPPED): ~^(\s*)(require|include)(_once)?(\s+|\()(?!VQMod::modCheck\()(?!modification\()([^);]+)~

File Name    : system/library/*.php(1)
VQModObject::applyMod - SEARCH NOT FOUND (SKIPPED): ~(require|include)(_once)?\((?!VQMod::modCheck\()modification\(([^)]+)~

File Name    : system/library/*.php(0)
VQModObject::applyMod - SEARCH NOT FOUND (SKIPPED): ~^(\s*)(require|include)(_once)?(\s+|\()(?!VQMod::modCheck\()(?!modification\()([^);]+)~

File Name    : system/library/*.php(1)
VQModObject::applyMod - SEARCH NOT FOUND (SKIPPED): ~(require|include)(_once)?\((?!VQMod::modCheck\()modification\(([^)]+)~

File Name    : admin/model/catalog/product.php(0)
VQModObject::applyMod - SEARCH NOT FOUND (SKIPPED): $this->db->query("INSERT INTO " . DB_PREFIX . "product_image SET product_id = '" . (int)$product_id . "', image = '" . $this->db->escape($product_image['image']) . "', sort_order = '" . (int)$product_image['sort_order'] . "'");

File Name    : system/library/*.php(0)
VQModObject::applyMod - SEARCH NOT FOUND (SKIPPED): ~^(\s*)(require|include)(_once)?(\s+|\()(?!VQMod::modCheck\()(?!modification\()([^);]+)~

File Name    : system/library/*.php(1)
VQModObject::applyMod - SEARCH NOT FOUND (SKIPPED): ~(require|include)(_once)?\((?!VQMod::modCheck\()modification\(([^)]+)~

File Name    : system/library/template/*.php(1)
VQModObject::applyMod - SEARCH NOT FOUND (SKIPPED): ~(require|include)(_once)?\((?!VQMod::modCheck\()modification\(([^)]+)~

----------------------------------------------------------------------


---------- Date: 2019-08-16 12:38:16 ~ IP : 152.168.78.99 ----------
REQUEST URI : /edit/admin/index.php?route=extension/extension&token=gxQcIK8mhopXbsFGqVxMfnewUgqrop65
MOD DETAILS:
   modFile   : /home/a6000574/public_html/edit/vqmod/xml/product_importexport_suite.xml
   id        : Product Import Export Suite (FREE)
   version   : 1.0
   vqmver    : 2.6.0
   author    : Module Points
VQModObject::parseMods - Could not resolve path for [admin/controller/common/menu.php] (SKIPPED)
VQModObject::parseMods - Could not resolve path for [admin/view/template/common/menu.tpl] (SKIPPED)
MOD DETAILS:
   modFile   : /home/a6000574/public_html/edit/vqmod/xml/vqmod_opencart.xml
   id        : VQMOD CORE FOR OPENCART - DO NOT REMOVE
   version   : 1.4.1 and above
   vqmver    : 2.6.0
   author    : vqmod.com
VQModObject::parseMods - Could not resolve path for [admin/view/template/catalog/product_form.twig] (SKIPPED)
VQModObject::parseMods - Could not resolve path for [admin/view/template/catalog/product_form.twig] (SKIPPED)
VQModObject::parseMods - Could not resolve path for [admin/view/template/catalog/product_form.twig] (SKIPPED)
VQModObject::parseMods - Could not resolve path for [catalog/view/theme/default/template/product/product.twig] (SKIPPED)

File Name    : system/engine/*.php(1)
VQModObject::applyMod - SEARCH NOT FOUND (SKIPPED): ~(require|include)(_once)?\((?!VQMod::modCheck\()modification\(([^)]+)~

File Name    : system/engine/*.php(0)
VQModObject::applyMod - SEARCH NOT FOUND (SKIPPED): ~^(\s*)(require|include)(_once)?(\s+|\()(?!VQMod::modCheck\()(?!modification\()([^);]+)~

File Name    : system/engine/*.php(1)
VQModObject::applyMod - SEARCH NOT FOUND (SKIPPED): ~(require|include)(_once)?\((?!VQMod::modCheck\()modification\(([^)]+)~

File Name    : system/engine/*.php(0)
VQModObject::applyMod - SEARCH NOT FOUND (SKIPPED): ~^(\s*)(require|include)(_once)?(\s+|\()(?!VQMod::modCheck\()(?!modification\()([^);]+)~

File Name    : system/engine/*.php(1)
VQModObject::applyMod - SEARCH NOT FOUND (SKIPPED): ~(require|include)(_once)?\((?!VQMod::modCheck\()modification\(([^)]+)~

File Name    : system/engine/*.php(0)
VQModObject::applyMod - SEARCH NOT FOUND (SKIPPED): ~^(\s*)(require|include)(_once)?(\s+|\()(?!VQMod::modCheck\()(?!modification\()([^);]+)~

File Name    : system/engine/*.php(1)
VQModObject::applyMod - SEARCH NOT FOUND (SKIPPED): ~(require|include)(_once)?\((?!VQMod::modCheck\()modification\(([^)]+)~

File Name    : system/engine/*.php(1)
VQModObject::applyMod - SEARCH NOT FOUND (SKIPPED): ~(require|include)(_once)?\((?!VQMod::modCheck\()modification\(([^)]+)~

File Name    : system/engine/*.php(0)
VQModObject::applyMod - SEARCH NOT FOUND (SKIPPED): ~^(\s*)(require|include)(_once)?(\s+|\()(?!VQMod::modCheck\()(?!modification\()([^);]+)~

File Name    : system/engine/*.php(1)
VQModObject::applyMod - SEARCH NOT FOUND (SKIPPED): ~(require|include)(_once)?\((?!VQMod::modCheck\()modification\(([^)]+)~

File Name    : system/engine/*.php(0)
VQModObject::applyMod - SEARCH NOT FOUND (SKIPPED): ~^(\s*)(require|include)(_once)?(\s+|\()(?!VQMod::modCheck\()(?!modification\()([^);]+)~

File Name    : system/engine/*.php(1)
VQModObject::applyMod - SEARCH NOT FOUND (SKIPPED): ~(require|include)(_once)?\((?!VQMod::modCheck\()modification\(([^)]+)~

File Name    : system/engine/*.php(0)
VQModObject::applyMod - SEARCH NOT FOUND (SKIPPED): ~^(\s*)(require|include)(_once)?(\s+|\()(?!VQMod::modCheck\()(?!modification\()([^);]+)~

File Name    : system/engine/*.php(1)
VQModObject::applyMod - SEARCH NOT FOUND (SKIPPED): ~(require|include)(_once)?\((?!VQMod::modCheck\()modification\(([^)]+)~

File Name    : system/library/*.php(1)
VQModObject::applyMod - SEARCH NOT FOUND (SKIPPED): ~(require|include)(_once)?\((?!VQMod::modCheck\()modification\(([^)]+)~

File Name    : system/library/*.php(0)
VQModObject::applyMod - SEARCH NOT FOUND (SKIPPED): ~^(\s*)(require|include)(_once)?(\s+|\()(?!VQMod::modCheck\()(?!modification\()([^);]+)~

File Name    : system/library/*.php(1)
VQModObject::applyMod - SEARCH NOT FOUND (SKIPPED): ~(require|include)(_once)?\((?!VQMod::modCheck\()modification\(([^)]+)~

File Name    : system/library/*.php(0)
VQModObject::applyMod - SEARCH NOT FOUND (SKIPPED): ~^(\s*)(require|include)(_once)?(\s+|\()(?!VQMod::modCheck\()(?!modification\()([^);]+)~

File Name    : system/library/*.php(1)
VQModObject::applyMod - SEARCH NOT FOUND (SKIPPED): ~(require|include)(_once)?\((?!VQMod::modCheck\()modification\(([^)]+)~

File Name    : system/library/*.php(0)
VQModObject::applyMod - SEARCH NOT FOUND (SKIPPED): ~^(\s*)(require|include)(_once)?(\s+|\()(?!VQMod::modCheck\()(?!modification\()([^);]+)~

File Name    : system/library/*.php(1)
VQModObject::applyMod - SEARCH NOT FOUND (SKIPPED): ~(require|include)(_once)?\((?!VQMod::modCheck\()modification\(([^)]+)~

File Name    : system/library/*.php(0)
VQModObject::applyMod - SEARCH NOT FOUND (SKIPPED): ~^(\s*)(require|include)(_once)?(\s+|\()(?!VQMod::modCheck\()(?!modification\()([^);]+)~

File Name    : system/library/*.php(1)
VQModObject::applyMod - SEARCH NOT FOUND (SKIPPED): ~(require|include)(_once)?\((?!VQMod::modCheck\()modification\(([^)]+)~

File Name    : system/library/*.php(0)
VQModObject::applyMod - SEARCH NOT FOUND (SKIPPED): ~^(\s*)(require|include)(_once)?(\s+|\()(?!VQMod::modCheck\()(?!modification\()([^);]+)~

File Name    : system/library/*.php(1)
VQModObject::applyMod - SEARCH NOT FOUND (SKIPPED): ~(require|include)(_once)?\((?!VQMod::modCheck\()modification\(([^)]+)~

File Name    : system/library/*.php(0)
VQModObject::applyMod - SEARCH NOT FOUND (SKIPPED): ~^(\s*)(require|include)(_once)?(\s+|\()(?!VQMod::modCheck\()(?!modification\()([^);]+)~

File Name    : system/library/*.php(1)
VQModObject::applyMod - SEARCH NOT FOUND (SKIPPED): ~(require|include)(_once)?\((?!VQMod::modCheck\()modification\(([^)]+)~

File Name    : system/library/*.php(0)
VQModObject::applyMod - SEARCH NOT FOUND (SKIPPED): ~^(\s*)(require|include)(_once)?(\s+|\()(?!VQMod::modCheck\()(?!modification\()([^);]+)~

File Name    : system/library/*.php(1)
VQModObject::applyMod - SEARCH NOT FOUND (SKIPPED): ~(require|include)(_once)?\((?!VQMod::modCheck\()modification\(([^)]+)~

File Name    : system/library/*.php(0)
VQModObject::applyMod - SEARCH NOT FOUND (SKIPPED): ~^(\s*)(require|include)(_once)?(\s+|\()(?!VQMod::modCheck\()(?!modification\()([^);]+)~

File Name    : system/library/*.php(1)
VQModObject::applyMod - SEARCH NOT FOUND (SKIPPED): ~(require|include)(_once)?\((?!VQMod::modCheck\()modification\(([^)]+)~

File Name    : system/library/*.php(0)
VQModObject::applyMod - SEARCH NOT FOUND (SKIPPED): ~^(\s*)(require|include)(_once)?(\s+|\()(?!VQMod::modCheck\()(?!modification\()([^);]+)~

File Name    : system/library/*.php(1)
VQModObject::applyMod - SEARCH NOT FOUND (SKIPPED): ~(require|include)(_once)?\((?!VQMod::modCheck\()modification\(([^)]+)~

File Name    : system/library/*.php(0)
VQModObject::applyMod - SEARCH NOT FOUND (SKIPPED): ~^(\s*)(require|include)(_once)?(\s+|\()(?!VQMod::modCheck\()(?!modification\()([^);]+)~

File Name    : system/library/*.php(1)
VQModObject::applyMod - SEARCH NOT FOUND (SKIPPED): ~(require|include)(_once)?\((?!VQMod::modCheck\()modification\(([^)]+)~

File Name    : admin/controller/extension/*.php(0)
VQModObject::applyMod - SEARCH NOT FOUND (SKIPPED): ~^(\s*)(require|include)(_once)?(\s+|\()(?!VQMod::modCheck\()(?!modification\()([^);]+)~

File Name    : admin/controller/extension/*.php(1)
VQModObject::applyMod - SEARCH NOT FOUND (SKIPPED): ~(require|include)(_once)?\((?!VQMod::modCheck\()modification\(([^)]+)~

File Name    : system/library/*.php(0)
VQModObject::applyMod - SEARCH NOT FOUND (SKIPPED): ~^(\s*)(require|include)(_once)?(\s+|\()(?!VQMod::modCheck\()(?!modification\()([^);]+)~

File Name    : system/library/*.php(1)
VQModObject::applyMod - SEARCH NOT FOUND (SKIPPED): ~(require|include)(_once)?\((?!VQMod::modCheck\()modification\(([^)]+)~

----------------------------------------------------------------------


---------- Date: 2019-08-16 12:50:29 ~ IP : 152.168.78.99 ----------
REQUEST URI : /edit/admin/index.php?route=extension/modification&token=gxQcIK8mhopXbsFGqVxMfnewUgqrop65
MOD DETAILS:
   modFile   : /home/a6000574/public_html/edit/vqmod/xml/vqmod_opencart.xml
   id        : VQMOD CORE FOR OPENCART - DO NOT REMOVE
   version   : 1.4.1 and above
   vqmver    : 2.6.0
   author    : vqmod.com

File Name    : admin/controller/extension/*.php(0)
VQModObject::applyMod - SEARCH NOT FOUND (SKIPPED): ~^(\s*)(require|include)(_once)?(\s+|\()(?!VQMod::modCheck\()(?!modification\()([^);]+)~

File Name    : admin/controller/extension/*.php(1)
VQModObject::applyMod - SEARCH NOT FOUND (SKIPPED): ~(require|include)(_once)?\((?!VQMod::modCheck\()modification\(([^)]+)~

----------------------------------------------------------------------


---------- Date: 2019-08-16 12:50:35 ~ IP : 152.168.78.99 ----------
REQUEST URI : /edit/admin/index.php?route=extension/modification/refresh&token=gxQcIK8mhopXbsFGqVxMfnewUgqrop65
MOD DETAILS:
   modFile   : /home/a6000574/public_html/edit/vqmod/xml/vqmod_opencart.xml
   id        : VQMOD CORE FOR OPENCART - DO NOT REMOVE
   version   : 1.4.1 and above
   vqmver    : 2.6.0
   author    : vqmod.com

File Name    : system/library/template/*.php(0)
VQModObject::applyMod - SEARCH NOT FOUND (SKIPPED): ~^(\s*)(require|include)(_once)?(\s+|\()(?!VQMod::modCheck\()(?!modification\()([^);]+)~

----------------------------------------------------------------------


---------- Date: 2019-08-16 12:50:39 ~ IP : 152.168.78.99 ----------
REQUEST URI : /edit/admin/index.php?route=extension/extension&token=gxQcIK8mhopXbsFGqVxMfnewUgqrop65
MOD DETAILS:
   modFile   : /home/a6000574/public_html/edit/vqmod/xml/vqmod_opencart.xml
   id        : VQMOD CORE FOR OPENCART - DO NOT REMOVE
   version   : 1.4.1 and above
   vqmver    : 2.6.0
   author    : vqmod.com

File Name    : system/engine/*.php(0)
VQModObject::applyMod - SEARCH NOT FOUND (SKIPPED): ~^(\s*)(require|include)(_once)?(\s+|\()(?!VQMod::modCheck\()(?!modification\()([^);]+)~

File Name    : system/engine/*.php(0)
VQModObject::applyMod - SEARCH NOT FOUND (SKIPPED): ~^(\s*)(require|include)(_once)?(\s+|\()(?!VQMod::modCheck\()(?!modification\()([^);]+)~

File Name    : system/library/*.php(0)
VQModObject::applyMod - SEARCH NOT FOUND (SKIPPED): ~^(\s*)(require|include)(_once)?(\s+|\()(?!VQMod::modCheck\()(?!modification\()([^);]+)~

File Name    : system/library/*.php(0)
VQModObject::applyMod - SEARCH NOT FOUND (SKIPPED): ~^(\s*)(require|include)(_once)?(\s+|\()(?!VQMod::modCheck\()(?!modification\()([^);]+)~

----------------------------------------------------------------------


---------- Date: 2019-08-16 12:54:48 ~ IP : 152.168.78.99 ----------
REQUEST URI : /edit/admin/index.php?route=catalog/product&token=gxQcIK8mhopXbsFGqVxMfnewUgqrop65
MOD DETAILS:
   modFile   : /home/a6000574/public_html/edit/vqmod/xml/option_sku_2.3_only.xml
   id        : Option SKU 2.3
   version   : 2.3
   vqmver    : 2.6.x
   author    : Inception System

File Name    : admin/language/en-gb/catalog/product.php(0)
VQModObject::applyMod - SEARCH NOT FOUND (ABORTING MOD): $_['entry_option_value']     = 'Option Value';

----------------------------------------------------------------------


---------- Date: 2019-08-16 12:55:57 ~ IP : 152.168.78.99 ----------
REQUEST URI : /edit/admin/index.php?route=catalog/option/autocomplete&token=gxQcIK8mhopXbsFGqVxMfnewUgqrop65&filter_name=
MOD DETAILS:
   modFile   : /home/a6000574/public_html/edit/vqmod/xml/vqmod_opencart.xml
   id        : VQMOD CORE FOR OPENCART - DO NOT REMOVE
   version   : 1.4.1 and above
   vqmver    : 2.6.0
   author    : vqmod.com

File Name    : system/library/*.php(0)
VQModObject::applyMod - SEARCH NOT FOUND (SKIPPED): ~^(\s*)(require|include)(_once)?(\s+|\()(?!VQMod::modCheck\()(?!modification\()([^);]+)~

File Name    : system/library/*.php(1)
VQModObject::applyMod - SEARCH NOT FOUND (SKIPPED): ~(require|include)(_once)?\((?!VQMod::modCheck\()modification\(([^)]+)~

----------------------------------------------------------------------


---------- Date: 2019-08-16 13:02:41 ~ IP : 152.168.78.99 ----------
REQUEST URI : /edit/admin/index.php?route=extension/event&token=gxQcIK8mhopXbsFGqVxMfnewUgqrop65
MOD DETAILS:
   modFile   : /home/a6000574/public_html/edit/vqmod/xml/vqmod_opencart.xml
   id        : VQMOD CORE FOR OPENCART - DO NOT REMOVE
   version   : 1.4.1 and above
   vqmver    : 2.6.0
   author    : vqmod.com

File Name    : admin/controller/extension/*.php(0)
VQModObject::applyMod - SEARCH NOT FOUND (SKIPPED): ~^(\s*)(require|include)(_once)?(\s+|\()(?!VQMod::modCheck\()(?!modification\()([^);]+)~

File Name    : admin/controller/extension/*.php(1)
VQModObject::applyMod - SEARCH NOT FOUND (SKIPPED): ~(require|include)(_once)?\((?!VQMod::modCheck\()modification\(([^)]+)~

----------------------------------------------------------------------


---------- Date: 2019-08-16 13:26:47 ~ IP : 152.168.78.99 ----------
REQUEST URI : /edit/admin/index.php?route=catalog/product&token=gxQcIK8mhopXbsFGqVxMfnewUgqrop65
MOD DETAILS:
   modFile   : /home/a6000574/public_html/edit/vqmod/xml/product_importexport_suite.xml
   id        : Product Import Export Suite (FREE)
   version   : 1.0
   vqmver    : 2.6.0
   author    : Module Points
VQModObject::parseMods - Could not resolve path for [admin/controller/common/menu.php] (SKIPPED)
VQModObject::parseMods - Could not resolve path for [admin/view/template/common/menu.tpl] (SKIPPED)
MOD DETAILS:
   modFile   : /home/a6000574/public_html/edit/vqmod/xml/vqmod_opencart.xml
   id        : VQMOD CORE FOR OPENCART - DO NOT REMOVE
   version   : 1.4.1 and above
   vqmver    : 2.6.0
   author    : vqmod.com
VQModObject::parseMods - Could not resolve path for [admin/view/template/catalog/product_form.twig] (SKIPPED)
VQModObject::parseMods - Could not resolve path for [admin/view/template/catalog/product_form.twig] (SKIPPED)
VQModObject::parseMods - Could not resolve path for [admin/view/template/catalog/product_form.twig] (SKIPPED)
VQModObject::parseMods - Could not resolve path for [catalog/view/theme/default/template/product/product.twig] (SKIPPED)

File Name    : system/engine/*.php(0)
VQModObject::applyMod - SEARCH NOT FOUND (SKIPPED): ~^(\s*)(require|include)(_once)?(\s+|\()(?!VQMod::modCheck\()(?!modification\()([^);]+)~

File Name    : system/engine/*.php(0)
VQModObject::applyMod - SEARCH NOT FOUND (SKIPPED): ~^(\s*)(require|include)(_once)?(\s+|\()(?!VQMod::modCheck\()(?!modification\()([^);]+)~

File Name    : system/engine/*.php(1)
VQModObject::applyMod - SEARCH NOT FOUND (SKIPPED): ~(require|include)(_once)?\((?!VQMod::modCheck\()modification\(([^)]+)~

File Name    : system/engine/*.php(0)
VQModObject::applyMod - SEARCH NOT FOUND (SKIPPED): ~^(\s*)(require|include)(_once)?(\s+|\()(?!VQMod::modCheck\()(?!modification\()([^);]+)~

File Name    : system/engine/*.php(1)
VQModObject::applyMod - SEARCH NOT FOUND (SKIPPED): ~(require|include)(_once)?\((?!VQMod::modCheck\()modification\(([^)]+)~

File Name    : system/engine/*.php(0)
VQModObject::applyMod - SEARCH NOT FOUND (SKIPPED): ~^(\s*)(require|include)(_once)?(\s+|\()(?!VQMod::modCheck\()(?!modification\()([^);]+)~

File Name    : system/engine/*.php(1)
VQModObject::applyMod - SEARCH NOT FOUND (SKIPPED): ~(require|include)(_once)?\((?!VQMod::modCheck\()modification\(([^)]+)~

File Name    : system/engine/*.php(0)
VQModObject::applyMod - SEARCH NOT FOUND (SKIPPED): ~^(\s*)(require|include)(_once)?(\s+|\()(?!VQMod::modCheck\()(?!modification\()([^);]+)~

File Name    : system/engine/*.php(0)
VQModObject::applyMod - SEARCH NOT FOUND (SKIPPED): ~^(\s*)(require|include)(_once)?(\s+|\()(?!VQMod::modCheck\()(?!modification\()([^);]+)~

File Name    : system/engine/*.php(1)
VQModObject::applyMod - SEARCH NOT FOUND (SKIPPED): ~(require|include)(_once)?\((?!VQMod::modCheck\()modification\(([^)]+)~

File Name    : system/engine/*.php(0)
VQModObject::applyMod - SEARCH NOT FOUND (SKIPPED): ~^(\s*)(require|include)(_once)?(\s+|\()(?!VQMod::modCheck\()(?!modification\()([^);]+)~

File Name    : system/engine/*.php(1)
VQModObject::applyMod - SEARCH NOT FOUND (SKIPPED): ~(require|include)(_once)?\((?!VQMod::modCheck\()modification\(([^)]+)~

File Name    : system/engine/*.php(0)
VQModObject::applyMod - SEARCH NOT FOUND (SKIPPED): ~^(\s*)(require|include)(_once)?(\s+|\()(?!VQMod::modCheck\()(?!modification\()([^);]+)~

File Name    : system/engine/*.php(1)
VQModObject::applyMod - SEARCH NOT FOUND (SKIPPED): ~(require|include)(_once)?\((?!VQMod::modCheck\()modification\(([^)]+)~

File Name    : system/library/*.php(0)
VQModObject::applyMod - SEARCH NOT FOUND (SKIPPED): ~^(\s*)(require|include)(_once)?(\s+|\()(?!VQMod::modCheck\()(?!modification\()([^);]+)~

File Name    : system/library/*.php(0)
VQModObject::applyMod - SEARCH NOT FOUND (SKIPPED): ~^(\s*)(require|include)(_once)?(\s+|\()(?!VQMod::modCheck\()(?!modification\()([^);]+)~

File Name    : system/library/*.php(1)
VQModObject::applyMod - SEARCH NOT FOUND (SKIPPED): ~(require|include)(_once)?\((?!VQMod::modCheck\()modification\(([^)]+)~

File Name    : system/library/*.php(0)
VQModObject::applyMod - SEARCH NOT FOUND (SKIPPED): ~^(\s*)(require|include)(_once)?(\s+|\()(?!VQMod::modCheck\()(?!modification\()([^);]+)~

File Name    : system/library/*.php(1)
VQModObject::applyMod - SEARCH NOT FOUND (SKIPPED): ~(require|include)(_once)?\((?!VQMod::modCheck\()modification\(([^)]+)~

File Name    : system/library/*.php(0)
VQModObject::applyMod - SEARCH NOT FOUND (SKIPPED): ~^(\s*)(require|include)(_once)?(\s+|\()(?!VQMod::modCheck\()(?!modification\()([^);]+)~

File Name    : system/library/*.php(1)
VQModObject::applyMod - SEARCH NOT FOUND (SKIPPED): ~(require|include)(_once)?\((?!VQMod::modCheck\()modification\(([^)]+)~

File Name    : system/library/*.php(0)
VQModObject::applyMod - SEARCH NOT FOUND (SKIPPED): ~^(\s*)(require|include)(_once)?(\s+|\()(?!VQMod::modCheck\()(?!modification\()([^);]+)~

File Name    : system/library/*.php(1)
VQModObject::applyMod - SEARCH NOT FOUND (SKIPPED): ~(require|include)(_once)?\((?!VQMod::modCheck\()modification\(([^)]+)~

File Name    : system/library/*.php(0)
VQModObject::applyMod - SEARCH NOT FOUND (SKIPPED): ~^(\s*)(require|include)(_once)?(\s+|\()(?!VQMod::modCheck\()(?!modification\()([^);]+)~

File Name    : system/library/*.php(1)
VQModObject::applyMod - SEARCH NOT FOUND (SKIPPED): ~(require|include)(_once)?\((?!VQMod::modCheck\()modification\(([^)]+)~

File Name    : system/library/*.php(0)
VQModObject::applyMod - SEARCH NOT FOUND (SKIPPED): ~^(\s*)(require|include)(_once)?(\s+|\()(?!VQMod::modCheck\()(?!modification\()([^);]+)~

File Name    : system/library/*.php(1)
VQModObject::applyMod - SEARCH NOT FOUND (SKIPPED): ~(require|include)(_once)?\((?!VQMod::modCheck\()modification\(([^)]+)~

File Name    : system/library/*.php(0)
VQModObject::applyMod - SEARCH NOT FOUND (SKIPPED): ~^(\s*)(require|include)(_once)?(\s+|\()(?!VQMod::modCheck\()(?!modification\()([^);]+)~

File Name    : system/library/*.php(0)
VQModObject::applyMod - SEARCH NOT FOUND (SKIPPED): ~^(\s*)(require|include)(_once)?(\s+|\()(?!VQMod::modCheck\()(?!modification\()([^);]+)~

File Name    : system/library/*.php(1)
VQModObject::applyMod - SEARCH NOT FOUND (SKIPPED): ~(require|include)(_once)?\((?!VQMod::modCheck\()modification\(([^)]+)~

File Name    : system/library/*.php(0)
VQModObject::applyMod - SEARCH NOT FOUND (SKIPPED): ~^(\s*)(require|include)(_once)?(\s+|\()(?!VQMod::modCheck\()(?!modification\()([^);]+)~

File Name    : system/library/*.php(1)
VQModObject::applyMod - SEARCH NOT FOUND (SKIPPED): ~(require|include)(_once)?\((?!VQMod::modCheck\()modification\(([^)]+)~

File Name    : system/library/*.php(0)
VQModObject::applyMod - SEARCH NOT FOUND (SKIPPED): ~^(\s*)(require|include)(_once)?(\s+|\()(?!VQMod::modCheck\()(?!modification\()([^);]+)~

File Name    : system/library/*.php(1)
VQModObject::applyMod - SEARCH NOT FOUND (SKIPPED): ~(require|include)(_once)?\((?!VQMod::modCheck\()modification\(([^)]+)~

File Name    : system/library/*.php(0)
VQModObject::applyMod - SEARCH NOT FOUND (SKIPPED): ~^(\s*)(require|include)(_once)?(\s+|\()(?!VQMod::modCheck\()(?!modification\()([^);]+)~

File Name    : system/library/*.php(1)
VQModObject::applyMod - SEARCH NOT FOUND (SKIPPED): ~(require|include)(_once)?\((?!VQMod::modCheck\()modification\(([^)]+)~

File Name    : admin/model/catalog/product.php(0)
VQModObject::applyMod - SEARCH NOT FOUND (SKIPPED): $this->db->query("INSERT INTO " . DB_PREFIX . "product_image SET product_id = '" . (int)$product_id . "', image = '" . $this->db->escape($product_image['image']) . "', sort_order = '" . (int)$product_image['sort_order'] . "'");

File Name    : system/library/*.php(0)
VQModObject::applyMod - SEARCH NOT FOUND (SKIPPED): ~^(\s*)(require|include)(_once)?(\s+|\()(?!VQMod::modCheck\()(?!modification\()([^);]+)~

File Name    : system/library/*.php(1)
VQModObject::applyMod - SEARCH NOT FOUND (SKIPPED): ~(require|include)(_once)?\((?!VQMod::modCheck\()modification\(([^)]+)~

File Name    : system/library/*.php(0)
VQModObject::applyMod - SEARCH NOT FOUND (SKIPPED): ~^(\s*)(require|include)(_once)?(\s+|\()(?!VQMod::modCheck\()(?!modification\()([^);]+)~

File Name    : system/library/*.php(1)
VQModObject::applyMod - SEARCH NOT FOUND (SKIPPED): ~(require|include)(_once)?\((?!VQMod::modCheck\()modification\(([^)]+)~

File Name    : system/library/template/*.php(0)
VQModObject::applyMod - SEARCH NOT FOUND (SKIPPED): ~^(\s*)(require|include)(_once)?(\s+|\()(?!VQMod::modCheck\()(?!modification\()([^);]+)~

MOD DETAILS:
   modFile   : /home/a6000574/public_html/edit/vqmod/xml/option_sku_2.3_only.xml
   id        : Option SKU 2.3
   version   : 2.3
   vqmver    : 2.6.x
   author    : Inception System

File Name    : admin/language/en-gb/catalog/product.php(0)
VQModObject::applyMod - SEARCH NOT FOUND (ABORTING MOD): $_['entry_option_value']     = 'Option Value';

----------------------------------------------------------------------


---------- Date: 2019-08-16 13:33:23 ~ IP : 152.168.78.99 ----------
REQUEST URI : /edit/
MOD DETAILS:
   modFile   : /home/a6000574/public_html/edit/vqmod/xml/vqmod_opencart.xml
   id        : VQMOD CORE FOR OPENCART - DO NOT REMOVE
   version   : 1.4.1 and above
   vqmver    : 2.6.0
   author    : vqmod.com

File Name    : catalog/controller/event/theme.php(0)
VQModObject::applyMod - SEARCH NOT FOUND (SKIPPED): ~^(\s*)(require|include)(_once)?(\s+|\()(?!VQMod::modCheck\()(?!modification\()([^);]+)~

File Name    : catalog/controller/event/theme.php(1)
VQModObject::applyMod - SEARCH NOT FOUND (SKIPPED): ~(require|include)(_once)?\((?!VQMod::modCheck\()modification\(([^)]+)~

MOD DETAILS:
   modFile   : /home/a6000574/public_html/edit/vqmod/xml/option_sku_2.3_only.xml
   id        : Option SKU 2.3
   version   : 2.3
   vqmver    : 2.6.x
   author    : Inception System

File Name    : catalog/view/theme/*/template/common/cart.tpl(0)
VQModObject::applyMod - SEARCH NOT FOUND (ABORTING MOD): - <small><?php echo $option['name']; ?> <?php echo $option['value']; ?></small>

----------------------------------------------------------------------


---------- Date: 2019-08-16 14:27:52 ~ IP : 152.168.78.99 ----------
REQUEST URI : /edit/
MOD DETAILS:
   modFile   : /home/a6000574/public_html/edit/vqmod/xml/product_importexport_suite.xml
   id        : Product Import Export Suite (FREE)
   version   : 1.0
   vqmver    : 2.6.0
   author    : Module Points
VQModObject::parseMods - Could not resolve path for [admin/controller/common/menu.php] (SKIPPED)
VQModObject::parseMods - Could not resolve path for [admin/view/template/common/menu.tpl] (SKIPPED)
MOD DETAILS:
   modFile   : /home/a6000574/public_html/edit/vqmod/xml/vqmod_opencart.xml
   id        : VQMOD CORE FOR OPENCART - DO NOT REMOVE
   version   : 1.4.1 and above
   vqmver    : 2.6.0
   author    : vqmod.com
VQModObject::parseMods - Could not resolve path for [admin/view/template/catalog/product_form.twig] (SKIPPED)
VQModObject::parseMods - Could not resolve path for [admin/view/template/catalog/product_form.twig] (SKIPPED)
VQModObject::parseMods - Could not resolve path for [admin/view/template/catalog/product_form.twig] (SKIPPED)
VQModObject::parseMods - Could not resolve path for [catalog/view/theme/default/template/product/product.twig] (SKIPPED)

File Name    : system/engine/*.php(0)
VQModObject::applyMod - SEARCH NOT FOUND (SKIPPED): ~^(\s*)(require|include)(_once)?(\s+|\()(?!VQMod::modCheck\()(?!modification\()([^);]+)~

File Name    : system/engine/*.php(0)
VQModObject::applyMod - SEARCH NOT FOUND (SKIPPED): ~^(\s*)(require|include)(_once)?(\s+|\()(?!VQMod::modCheck\()(?!modification\()([^);]+)~

File Name    : system/engine/*.php(1)
VQModObject::applyMod - SEARCH NOT FOUND (SKIPPED): ~(require|include)(_once)?\((?!VQMod::modCheck\()modification\(([^)]+)~

File Name    : system/engine/*.php(0)
VQModObject::applyMod - SEARCH NOT FOUND (SKIPPED): ~^(\s*)(require|include)(_once)?(\s+|\()(?!VQMod::modCheck\()(?!modification\()([^);]+)~

File Name    : system/engine/*.php(1)
VQModObject::applyMod - SEARCH NOT FOUND (SKIPPED): ~(require|include)(_once)?\((?!VQMod::modCheck\()modification\(([^)]+)~

File Name    : system/engine/*.php(0)
VQModObject::applyMod - SEARCH NOT FOUND (SKIPPED): ~^(\s*)(require|include)(_once)?(\s+|\()(?!VQMod::modCheck\()(?!modification\()([^);]+)~

File Name    : system/engine/*.php(1)
VQModObject::applyMod - SEARCH NOT FOUND (SKIPPED): ~(require|include)(_once)?\((?!VQMod::modCheck\()modification\(([^)]+)~

File Name    : system/engine/*.php(0)
VQModObject::applyMod - SEARCH NOT FOUND (SKIPPED): ~^(\s*)(require|include)(_once)?(\s+|\()(?!VQMod::modCheck\()(?!modification\()([^);]+)~

File Name    : system/engine/*.php(0)
VQModObject::applyMod - SEARCH NOT FOUND (SKIPPED): ~^(\s*)(require|include)(_once)?(\s+|\()(?!VQMod::modCheck\()(?!modification\()([^);]+)~

File Name    : system/engine/*.php(1)
VQModObject::applyMod - SEARCH NOT FOUND (SKIPPED): ~(require|include)(_once)?\((?!VQMod::modCheck\()modification\(([^)]+)~

File Name    : system/engine/*.php(0)
VQModObject::applyMod - SEARCH NOT FOUND (SKIPPED): ~^(\s*)(require|include)(_once)?(\s+|\()(?!VQMod::modCheck\()(?!modification\()([^);]+)~

File Name    : system/engine/*.php(1)
VQModObject::applyMod - SEARCH NOT FOUND (SKIPPED): ~(require|include)(_once)?\((?!VQMod::modCheck\()modification\(([^)]+)~

File Name    : system/engine/*.php(0)
VQModObject::applyMod - SEARCH NOT FOUND (SKIPPED): ~^(\s*)(require|include)(_once)?(\s+|\()(?!VQMod::modCheck\()(?!modification\()([^);]+)~

File Name    : system/engine/*.php(1)
VQModObject::applyMod - SEARCH NOT FOUND (SKIPPED): ~(require|include)(_once)?\((?!VQMod::modCheck\()modification\(([^)]+)~

File Name    : system/library/*.php(0)
VQModObject::applyMod - SEARCH NOT FOUND (SKIPPED): ~^(\s*)(require|include)(_once)?(\s+|\()(?!VQMod::modCheck\()(?!modification\()([^);]+)~

File Name    : system/library/*.php(0)
VQModObject::applyMod - SEARCH NOT FOUND (SKIPPED): ~^(\s*)(require|include)(_once)?(\s+|\()(?!VQMod::modCheck\()(?!modification\()([^);]+)~

File Name    : system/library/*.php(1)
VQModObject::applyMod - SEARCH NOT FOUND (SKIPPED): ~(require|include)(_once)?\((?!VQMod::modCheck\()modification\(([^)]+)~

File Name    : system/library/*.php(0)
VQModObject::applyMod - SEARCH NOT FOUND (SKIPPED): ~^(\s*)(require|include)(_once)?(\s+|\()(?!VQMod::modCheck\()(?!modification\()([^);]+)~

File Name    : system/library/*.php(1)
VQModObject::applyMod - SEARCH NOT FOUND (SKIPPED): ~(require|include)(_once)?\((?!VQMod::modCheck\()modification\(([^)]+)~

File Name    : system/library/*.php(0)
VQModObject::applyMod - SEARCH NOT FOUND (SKIPPED): ~^(\s*)(require|include)(_once)?(\s+|\()(?!VQMod::modCheck\()(?!modification\()([^);]+)~

File Name    : system/library/*.php(1)
VQModObject::applyMod - SEARCH NOT FOUND (SKIPPED): ~(require|include)(_once)?\((?!VQMod::modCheck\()modification\(([^)]+)~

File Name    : system/library/*.php(0)
VQModObject::applyMod - SEARCH NOT FOUND (SKIPPED): ~^(\s*)(require|include)(_once)?(\s+|\()(?!VQMod::modCheck\()(?!modification\()([^);]+)~

File Name    : system/library/*.php(1)
VQModObject::applyMod - SEARCH NOT FOUND (SKIPPED): ~(require|include)(_once)?\((?!VQMod::modCheck\()modification\(([^)]+)~

File Name    : system/library/*.php(0)
VQModObject::applyMod - SEARCH NOT FOUND (SKIPPED): ~^(\s*)(require|include)(_once)?(\s+|\()(?!VQMod::modCheck\()(?!modification\()([^);]+)~

File Name    : system/library/*.php(1)
VQModObject::applyMod - SEARCH NOT FOUND (SKIPPED): ~(require|include)(_once)?\((?!VQMod::modCheck\()modification\(([^)]+)~

File Name    : system/library/*.php(0)
VQModObject::applyMod - SEARCH NOT FOUND (SKIPPED): ~^(\s*)(require|include)(_once)?(\s+|\()(?!VQMod::modCheck\()(?!modification\()([^);]+)~

File Name    : system/library/*.php(0)
VQModObject::applyMod - SEARCH NOT FOUND (SKIPPED): ~^(\s*)(require|include)(_once)?(\s+|\()(?!VQMod::modCheck\()(?!modification\()([^);]+)~

File Name    : system/library/*.php(1)
VQModObject::applyMod - SEARCH NOT FOUND (SKIPPED): ~(require|include)(_once)?\((?!VQMod::modCheck\()modification\(([^)]+)~

File Name    : system/library/*.php(0)
VQModObject::applyMod - SEARCH NOT FOUND (SKIPPED): ~^(\s*)(require|include)(_once)?(\s+|\()(?!VQMod::modCheck\()(?!modification\()([^);]+)~

File Name    : system/library/*.php(1)
VQModObject::applyMod - SEARCH NOT FOUND (SKIPPED): ~(require|include)(_once)?\((?!VQMod::modCheck\()modification\(([^)]+)~

File Name    : system/library/*.php(0)
VQModObject::applyMod - SEARCH NOT FOUND (SKIPPED): ~^(\s*)(require|include)(_once)?(\s+|\()(?!VQMod::modCheck\()(?!modification\()([^);]+)~

File Name    : system/library/*.php(1)
VQModObject::applyMod - SEARCH NOT FOUND (SKIPPED): ~(require|include)(_once)?\((?!VQMod::modCheck\()modification\(([^)]+)~

File Name    : system/library/*.php(0)
VQModObject::applyMod - SEARCH NOT FOUND (SKIPPED): ~^(\s*)(require|include)(_once)?(\s+|\()(?!VQMod::modCheck\()(?!modification\()([^);]+)~

File Name    : system/library/*.php(1)
VQModObject::applyMod - SEARCH NOT FOUND (SKIPPED): ~(require|include)(_once)?\((?!VQMod::modCheck\()modification\(([^)]+)~

File Name    : system/library/*.php(0)
VQModObject::applyMod - SEARCH NOT FOUND (SKIPPED): ~^(\s*)(require|include)(_once)?(\s+|\()(?!VQMod::modCheck\()(?!modification\()([^);]+)~

File Name    : system/library/*.php(1)
VQModObject::applyMod - SEARCH NOT FOUND (SKIPPED): ~(require|include)(_once)?\((?!VQMod::modCheck\()modification\(([^)]+)~

File Name    : catalog/controller/event/theme.php(0)
VQModObject::applyMod - SEARCH NOT FOUND (SKIPPED): ~^(\s*)(require|include)(_once)?(\s+|\()(?!VQMod::modCheck\()(?!modification\()([^);]+)~

File Name    : catalog/controller/event/theme.php(1)
VQModObject::applyMod - SEARCH NOT FOUND (SKIPPED): ~(require|include)(_once)?\((?!VQMod::modCheck\()modification\(([^)]+)~

File Name    : system/library/*.php(0)
VQModObject::applyMod - SEARCH NOT FOUND (SKIPPED): ~^(\s*)(require|include)(_once)?(\s+|\()(?!VQMod::modCheck\()(?!modification\()([^);]+)~

File Name    : system/library/*.php(1)
VQModObject::applyMod - SEARCH NOT FOUND (SKIPPED): ~(require|include)(_once)?\((?!VQMod::modCheck\()modification\(([^)]+)~

File Name    : system/library/template/*.php(0)
VQModObject::applyMod - SEARCH NOT FOUND (SKIPPED): ~^(\s*)(require|include)(_once)?(\s+|\()(?!VQMod::modCheck\()(?!modification\()([^);]+)~

MOD DETAILS:
   modFile   : /home/a6000574/public_html/edit/vqmod/xml/option_sku_2.3_only.xml
   id        : Option SKU 2.3
   version   : 2.3
   vqmver    : 2.6.x
   author    : Inception System

File Name    : catalog/view/theme/*/template/common/cart.tpl(0)
VQModObject::applyMod - SEARCH NOT FOUND (ABORTING MOD): - <small><?php echo $option['name']; ?> <?php echo $option['value']; ?></small>

----------------------------------------------------------------------


---------- Date: 2019-08-16 14:28:02 ~ IP : 152.168.78.99 ----------
REQUEST URI : /edit/admin/index.php?route=common/dashboard&token=TGl7jkVwfhWxyaVcFQvqPj9Fzk6Ay5h3
MOD DETAILS:
   modFile   : /home/a6000574/public_html/edit/vqmod/xml/vqmod_opencart.xml
   id        : VQMOD CORE FOR OPENCART - DO NOT REMOVE
   version   : 1.4.1 and above
   vqmver    : 2.6.0
   author    : vqmod.com

File Name    : admin/model/catalog/product.php(0)
VQModObject::applyMod - SEARCH NOT FOUND (SKIPPED): $this->db->query("INSERT INTO " . DB_PREFIX . "product_image SET product_id = '" . (int)$product_id . "', image = '" . $this->db->escape($product_image['image']) . "', sort_order = '" . (int)$product_image['sort_order'] . "'");

----------------------------------------------------------------------


---------- Date: 2019-08-16 14:28:09 ~ IP : 152.168.78.99 ----------
REQUEST URI : /edit/admin/index.php?route=user/user_permission&token=TGl7jkVwfhWxyaVcFQvqPj9Fzk6Ay5h3
MOD DETAILS:
   modFile   : /home/a6000574/public_html/edit/vqmod/xml/vqmod_opencart.xml
   id        : VQMOD CORE FOR OPENCART - DO NOT REMOVE
   version   : 1.4.1 and above
   vqmver    : 2.6.0
   author    : vqmod.com

File Name    : system/library/*.php(0)
VQModObject::applyMod - SEARCH NOT FOUND (SKIPPED): ~^(\s*)(require|include)(_once)?(\s+|\()(?!VQMod::modCheck\()(?!modification\()([^);]+)~

File Name    : system/library/*.php(1)
VQModObject::applyMod - SEARCH NOT FOUND (SKIPPED): ~(require|include)(_once)?\((?!VQMod::modCheck\()modification\(([^)]+)~

----------------------------------------------------------------------


---------- Date: 2019-08-16 14:28:39 ~ IP : 152.168.78.99 ----------
REQUEST URI : /edit/admin/index.php?route=extension/extension&token=TGl7jkVwfhWxyaVcFQvqPj9Fzk6Ay5h3
MOD DETAILS:
   modFile   : /home/a6000574/public_html/edit/vqmod/xml/vqmod_opencart.xml
   id        : VQMOD CORE FOR OPENCART - DO NOT REMOVE
   version   : 1.4.1 and above
   vqmver    : 2.6.0
   author    : vqmod.com

File Name    : admin/controller/extension/*.php(0)
VQModObject::applyMod - SEARCH NOT FOUND (SKIPPED): ~^(\s*)(require|include)(_once)?(\s+|\()(?!VQMod::modCheck\()(?!modification\()([^);]+)~

File Name    : admin/controller/extension/*.php(1)
VQModObject::applyMod - SEARCH NOT FOUND (SKIPPED): ~(require|include)(_once)?\((?!VQMod::modCheck\()modification\(([^)]+)~

----------------------------------------------------------------------


---------- Date: 2019-08-16 14:28:40 ~ IP : 152.168.78.99 ----------
REQUEST URI : /edit/admin/index.php?route=extension/event&token=TGl7jkVwfhWxyaVcFQvqPj9Fzk6Ay5h3
MOD DETAILS:
   modFile   : /home/a6000574/public_html/edit/vqmod/xml/vqmod_opencart.xml
   id        : VQMOD CORE FOR OPENCART - DO NOT REMOVE
   version   : 1.4.1 and above
   vqmver    : 2.6.0
   author    : vqmod.com

File Name    : admin/controller/extension/*.php(0)
VQModObject::applyMod - SEARCH NOT FOUND (SKIPPED): ~^(\s*)(require|include)(_once)?(\s+|\()(?!VQMod::modCheck\()(?!modification\()([^);]+)~

File Name    : admin/controller/extension/*.php(1)
VQModObject::applyMod - SEARCH NOT FOUND (SKIPPED): ~(require|include)(_once)?\((?!VQMod::modCheck\()modification\(([^)]+)~

----------------------------------------------------------------------


---------- Date: 2019-08-16 14:28:43 ~ IP : 152.168.78.99 ----------
REQUEST URI : /edit/admin/index.php?route=extension/modification&token=TGl7jkVwfhWxyaVcFQvqPj9Fzk6Ay5h3
MOD DETAILS:
   modFile   : /home/a6000574/public_html/edit/vqmod/xml/vqmod_opencart.xml
   id        : VQMOD CORE FOR OPENCART - DO NOT REMOVE
   version   : 1.4.1 and above
   vqmver    : 2.6.0
   author    : vqmod.com

File Name    : admin/controller/extension/*.php(0)
VQModObject::applyMod - SEARCH NOT FOUND (SKIPPED): ~^(\s*)(require|include)(_once)?(\s+|\()(?!VQMod::modCheck\()(?!modification\()([^);]+)~

File Name    : admin/controller/extension/*.php(1)
VQModObject::applyMod - SEARCH NOT FOUND (SKIPPED): ~(require|include)(_once)?\((?!VQMod::modCheck\()modification\(([^)]+)~

----------------------------------------------------------------------


